[2022-09-28 08:13:56] local.ERROR: SQLSTATE[HY000] [1045] Access denied for user 'root'@'localhost' (using password: YES) (SQL: SHOW FULL TABLES WHERE table_type = 'BASE TABLE') {"exception":"[object] (Illuminate\\Database\\QueryException(code: 1045): SQLSTATE[HY000] [1045] Access denied for user 'root'@'localhost' (using password: YES) (SQL: SHOW FULL TABLES WHERE table_type = 'BASE TABLE') at C:\\Users\\Hp\\OneDrive\\Desktop\\Sitha Gunasegran- Test Engineer Technical Assessment - vimigo Technologies\\submissions\\post_service\\vendor\\laravel\\framework\\src\\Illuminate\\Database\\Connection.php:759)
[stacktrace]
#0 C:\\Users\\Hp\\OneDrive\\Desktop\\Sitha Gunasegran- Test Engineer Technical Assessment - vimigo Technologies\\submissions\\post_service\\vendor\\laravel\\framework\\src\\Illuminate\\Database\\Connection.php(719): Illuminate\\Database\\Connection->runQueryCallback('SHOW FULL TABLE...', Array, Object(Closure))
#1 C:\\Users\\Hp\\OneDrive\\Desktop\\Sitha Gunasegran- Test Engineer Technical Assessment - vimigo Technologies\\submissions\\post_service\\vendor\\laravel\\framework\\src\\Illuminate\\Database\\Connection.php(421): Illuminate\\Database\\Connection->run('SHOW FULL TABLE...', Array, Object(Closure))
#2 C:\\Users\\Hp\\OneDrive\\Desktop\\Sitha Gunasegran- Test Engineer Technical Assessment - vimigo Technologies\\submissions\\post_service\\vendor\\laravel\\framework\\src\\Illuminate\\Database\\Schema\\MySqlBuilder.php(125): Illuminate\\Database\\Connection->select('SHOW FULL TABLE...')
#3 C:\\Users\\Hp\\OneDrive\\Desktop\\Sitha Gunasegran- Test Engineer Technical Assessment - vimigo Technologies\\submissions\\post_service\\vendor\\laravel\\framework\\src\\Illuminate\\Database\\Schema\\MySqlBuilder.php(74): Illuminate\\Database\\Schema\\MySqlBuilder->getAllTables()
#4 C:\\Users\\Hp\\OneDrive\\Desktop\\Sitha Gunasegran- Test Engineer Technical Assessment - vimigo Technologies\\submissions\\post_service\\vendor\\laravel\\framework\\src\\Illuminate\\Database\\Console\\WipeCommand.php(82): Illuminate\\Database\\Schema\\MySqlBuilder->dropAllTables()
#5 C:\\Users\\Hp\\OneDrive\\Desktop\\Sitha Gunasegran- Test Engineer Technical Assessment - vimigo Technologies\\submissions\\post_service\\vendor\\laravel\\framework\\src\\Illuminate\\Database\\Console\\WipeCommand.php(59): Illuminate\\Database\\Console\\WipeCommand->dropAllTables(NULL)
#6 C:\\Users\\Hp\\OneDrive\\Desktop\\Sitha Gunasegran- Test Engineer Technical Assessment - vimigo Technologies\\submissions\\post_service\\vendor\\laravel\\framework\\src\\Illuminate\\Container\\BoundMethod.php(36): Illuminate\\Database\\Console\\WipeCommand->handle()
#7 C:\\Users\\Hp\\OneDrive\\Desktop\\Sitha Gunasegran- Test Engineer Technical Assessment - vimigo Technologies\\submissions\\post_service\\vendor\\laravel\\framework\\src\\Illuminate\\Container\\Util.php(41): Illuminate\\Container\\BoundMethod::Illuminate\\Container\\{closure}()
#8 C:\\Users\\Hp\\OneDrive\\Desktop\\Sitha Gunasegran- Test Engineer Technical Assessment - vimigo Technologies\\submissions\\post_service\\vendor\\laravel\\framework\\src\\Illuminate\\Container\\BoundMethod.php(93): Illuminate\\Container\\Util::unwrapIfClosure(Object(Closure))
#9 C:\\Users\\Hp\\OneDrive\\Desktop\\Sitha Gunasegran- Test Engineer Technical Assessment - vimigo Technologies\\submissions\\post_service\\vendor\\laravel\\framework\\src\\Illuminate\\Container\\BoundMethod.php(37): Illuminate\\Container\\BoundMethod::callBoundMethod(Object(Illuminate\\Foundation\\Application), Array, Object(Closure))
#10 C:\\Users\\Hp\\OneDrive\\Desktop\\Sitha Gunasegran- Test Engineer Technical Assessment - vimigo Technologies\\submissions\\post_service\\vendor\\laravel\\framework\\src\\Illuminate\\Container\\Container.php(651): Illuminate\\Container\\BoundMethod::call(Object(Illuminate\\Foundation\\Application), Array, Array, NULL)
#11 C:\\Users\\Hp\\OneDrive\\Desktop\\Sitha Gunasegran- Test Engineer Technical Assessment - vimigo Technologies\\submissions\\post_service\\vendor\\laravel\\framework\\src\\Illuminate\\Console\\Command.php(144): Illuminate\\Container\\Container->call(Array)
#12 C:\\Users\\Hp\\OneDrive\\Desktop\\Sitha Gunasegran- Test Engineer Technical Assessment - vimigo Technologies\\submissions\\post_service\\vendor\\symfony\\console\\Command\\Command.php(291): Illuminate\\Console\\Command->execute(Object(Symfony\\Component\\Console\\Input\\ArrayInput), Object(Illuminate\\Console\\OutputStyle))
#13 C:\\Users\\Hp\\OneDrive\\Desktop\\Sitha Gunasegran- Test Engineer Technical Assessment - vimigo Technologies\\submissions\\post_service\\vendor\\laravel\\framework\\src\\Illuminate\\Console\\Command.php(126): Symfony\\Component\\Console\\Command\\Command->run(Object(Symfony\\Component\\Console\\Input\\ArrayInput), Object(Illuminate\\Console\\OutputStyle))
#14 C:\\Users\\Hp\\OneDrive\\Desktop\\Sitha Gunasegran- Test Engineer Technical Assessment - vimigo Technologies\\submissions\\post_service\\vendor\\laravel\\framework\\src\\Illuminate\\Console\\Concerns\\CallsCommands.php(68): Illuminate\\Console\\Command->run(Object(Symfony\\Component\\Console\\Input\\ArrayInput), Object(Symfony\\Component\\Console\\Output\\NullOutput))
#15 C:\\Users\\Hp\\OneDrive\\Desktop\\Sitha Gunasegran- Test Engineer Technical Assessment - vimigo Technologies\\submissions\\post_service\\vendor\\laravel\\framework\\src\\Illuminate\\Console\\Concerns\\CallsCommands.php(40): Illuminate\\Console\\Command->runCommand('db:wipe', Array, Object(Symfony\\Component\\Console\\Output\\NullOutput))
#16 C:\\Users\\Hp\\OneDrive\\Desktop\\Sitha Gunasegran- Test Engineer Technical Assessment - vimigo Technologies\\submissions\\post_service\\vendor\\laravel\\framework\\src\\Illuminate\\Database\\Console\\Migrations\\FreshCommand.php(45): Illuminate\\Console\\Command->callSilent('db:wipe', Array)
#17 C:\\Users\\Hp\\OneDrive\\Desktop\\Sitha Gunasegran- Test Engineer Technical Assessment - vimigo Technologies\\submissions\\post_service\\vendor\\laravel\\framework\\src\\Illuminate\\Console\\View\\Components\\Task.php(36): Illuminate\\Database\\Console\\Migrations\\FreshCommand->Illuminate\\Database\\Console\\Migrations\\{closure}()
#18 C:\\Users\\Hp\\OneDrive\\Desktop\\Sitha Gunasegran- Test Engineer Technical Assessment - vimigo Technologies\\submissions\\post_service\\vendor\\laravel\\framework\\src\\Illuminate\\Console\\View\\Components\\Factory.php(56): Illuminate\\Console\\View\\Components\\Task->render('Dropping all ta...', Object(Closure))
#19 C:\\Users\\Hp\\OneDrive\\Desktop\\Sitha Gunasegran- Test Engineer Technical Assessment - vimigo Technologies\\submissions\\post_service\\vendor\\laravel\\framework\\src\\Illuminate\\Database\\Console\\Migrations\\FreshCommand.php(49): Illuminate\\Console\\View\\Components\\Factory->__call('task', Array)
#20 C:\\Users\\Hp\\OneDrive\\Desktop\\Sitha Gunasegran- Test Engineer Technical Assessment - vimigo Technologies\\submissions\\post_service\\vendor\\laravel\\framework\\src\\Illuminate\\Container\\BoundMethod.php(36): Illuminate\\Database\\Console\\Migrations\\FreshCommand->handle()
#21 C:\\Users\\Hp\\OneDrive\\Desktop\\Sitha Gunasegran- Test Engineer Technical Assessment - vimigo Technologies\\submissions\\post_service\\vendor\\laravel\\framework\\src\\Illuminate\\Container\\Util.php(41): Illuminate\\Container\\BoundMethod::Illuminate\\Container\\{closure}()
#22 C:\\Users\\Hp\\OneDrive\\Desktop\\Sitha Gunasegran- Test Engineer Technical Assessment - vimigo Technologies\\submissions\\post_service\\vendor\\laravel\\framework\\src\\Illuminate\\Container\\BoundMethod.php(93): Illuminate\\Container\\Util::unwrapIfClosure(Object(Closure))
#23 C:\\Users\\Hp\\OneDrive\\Desktop\\Sitha Gunasegran- Test Engineer Technical Assessment - vimigo Technologies\\submissions\\post_service\\vendor\\laravel\\framework\\src\\Illuminate\\Container\\BoundMethod.php(37): Illuminate\\Container\\BoundMethod::callBoundMethod(Object(Illuminate\\Foundation\\Application), Array, Object(Closure))
#24 C:\\Users\\Hp\\OneDrive\\Desktop\\Sitha Gunasegran- Test Engineer Technical Assessment - vimigo Technologies\\submissions\\post_service\\vendor\\laravel\\framework\\src\\Illuminate\\Container\\Container.php(651): Illuminate\\Container\\BoundMethod::call(Object(Illuminate\\Foundation\\Application), Array, Array, NULL)
#25 C:\\Users\\Hp\\OneDrive\\Desktop\\Sitha Gunasegran- Test Engineer Technical Assessment - vimigo Technologies\\submissions\\post_service\\vendor\\laravel\\framework\\src\\Illuminate\\Console\\Command.php(144): Illuminate\\Container\\Container->call(Array)
#26 C:\\Users\\Hp\\OneDrive\\Desktop\\Sitha Gunasegran- Test Engineer Technical Assessment - vimigo Technologies\\submissions\\post_service\\vendor\\symfony\\console\\Command\\Command.php(291): Illuminate\\Console\\Command->execute(Object(Symfony\\Component\\Console\\Input\\ArgvInput), Object(Illuminate\\Console\\OutputStyle))
#27 C:\\Users\\Hp\\OneDrive\\Desktop\\Sitha Gunasegran- Test Engineer Technical Assessment - vimigo Technologies\\submissions\\post_service\\vendor\\laravel\\framework\\src\\Illuminate\\Console\\Command.php(126): Symfony\\Component\\Console\\Command\\Command->run(Object(Symfony\\Component\\Console\\Input\\ArgvInput), Object(Illuminate\\Console\\OutputStyle))
#28 C:\\Users\\Hp\\OneDrive\\Desktop\\Sitha Gunasegran- Test Engineer Technical Assessment - vimigo Technologies\\submissions\\post_service\\vendor\\symfony\\console\\Application.php(1002): Illuminate\\Console\\Command->run(Object(Symfony\\Component\\Console\\Input\\ArgvInput), Object(Symfony\\Component\\Console\\Output\\ConsoleOutput))
#29 C:\\Users\\Hp\\OneDrive\\Desktop\\Sitha Gunasegran- Test Engineer Technical Assessment - vimigo Technologies\\submissions\\post_service\\vendor\\symfony\\console\\Application.php(299): Symfony\\Component\\Console\\Application->doRunCommand(Object(Illuminate\\Database\\Console\\Migrations\\FreshCommand), Object(Symfony\\Component\\Console\\Input\\ArgvInput), Object(Symfony\\Component\\Console\\Output\\ConsoleOutput))
#30 C:\\Users\\Hp\\OneDrive\\Desktop\\Sitha Gunasegran- Test Engineer Technical Assessment - vimigo Technologies\\submissions\\post_service\\vendor\\symfony\\console\\Application.php(171): Symfony\\Component\\Console\\Application->doRun(Object(Symfony\\Component\\Console\\Input\\ArgvInput), Object(Symfony\\Component\\Console\\Output\\ConsoleOutput))
#31 C:\\Users\\Hp\\OneDrive\\Desktop\\Sitha Gunasegran- Test Engineer Technical Assessment - vimigo Technologies\\submissions\\post_service\\vendor\\laravel\\framework\\src\\Illuminate\\Console\\Application.php(102): Symfony\\Component\\Console\\Application->run(Object(Symfony\\Component\\Console\\Input\\ArgvInput), Object(Symfony\\Component\\Console\\Output\\ConsoleOutput))
#32 C:\\Users\\Hp\\OneDrive\\Desktop\\Sitha Gunasegran- Test Engineer Technical Assessment - vimigo Technologies\\submissions\\post_service\\vendor\\laravel\\framework\\src\\Illuminate\\Foundation\\Console\\Kernel.php(151): Illuminate\\Console\\Application->run(Object(Symfony\\Component\\Console\\Input\\ArgvInput), Object(Symfony\\Component\\Console\\Output\\ConsoleOutput))
#33 C:\\Users\\Hp\\OneDrive\\Desktop\\Sitha Gunasegran- Test Engineer Technical Assessment - vimigo Technologies\\submissions\\post_service\\artisan(37): Illuminate\\Foundation\\Console\\Kernel->handle(Object(Symfony\\Component\\Console\\Input\\ArgvInput), Object(Symfony\\Component\\Console\\Output\\ConsoleOutput))
#34 {main}

[previous exception] [object] (PDOException(code: 1045): SQLSTATE[HY000] [1045] Access denied for user 'root'@'localhost' (using password: YES) at C:\\Users\\Hp\\OneDrive\\Desktop\\Sitha Gunasegran- Test Engineer Technical Assessment - vimigo Technologies\\submissions\\post_service\\vendor\\laravel\\framework\\src\\Illuminate\\Database\\Connectors\\Connector.php:70)
[stacktrace]
#0 C:\\Users\\Hp\\OneDrive\\Desktop\\Sitha Gunasegran- Test Engineer Technical Assessment - vimigo Technologies\\submissions\\post_service\\vendor\\laravel\\framework\\src\\Illuminate\\Database\\Connectors\\Connector.php(70): PDO->__construct('mysql:host=127....', 'root', 'root', Array)
#1 C:\\Users\\Hp\\OneDrive\\Desktop\\Sitha Gunasegran- Test Engineer Technical Assessment - vimigo Technologies\\submissions\\post_service\\vendor\\laravel\\framework\\src\\Illuminate\\Database\\Connectors\\Connector.php(46): Illuminate\\Database\\Connectors\\Connector->createPdoConnection('mysql:host=127....', 'root', 'root', Array)
#2 C:\\Users\\Hp\\OneDrive\\Desktop\\Sitha Gunasegran- Test Engineer Technical Assessment - vimigo Technologies\\submissions\\post_service\\vendor\\laravel\\framework\\src\\Illuminate\\Database\\Connectors\\MySqlConnector.php(24): Illuminate\\Database\\Connectors\\Connector->createConnection('mysql:host=127....', Array, Array)
#3 C:\\Users\\Hp\\OneDrive\\Desktop\\Sitha Gunasegran- Test Engineer Technical Assessment - vimigo Technologies\\submissions\\post_service\\vendor\\laravel\\framework\\src\\Illuminate\\Database\\Connectors\\ConnectionFactory.php(184): Illuminate\\Database\\Connectors\\MySqlConnector->connect(Array)
#4 [internal function]: Illuminate\\Database\\Connectors\\ConnectionFactory->Illuminate\\Database\\Connectors\\{closure}()
#5 C:\\Users\\Hp\\OneDrive\\Desktop\\Sitha Gunasegran- Test Engineer Technical Assessment - vimigo Technologies\\submissions\\post_service\\vendor\\laravel\\framework\\src\\Illuminate\\Database\\Connection.php(1169): call_user_func(Object(Closure))
#6 C:\\Users\\Hp\\OneDrive\\Desktop\\Sitha Gunasegran- Test Engineer Technical Assessment - vimigo Technologies\\submissions\\post_service\\vendor\\laravel\\framework\\src\\Illuminate\\Database\\Connection.php(1205): Illuminate\\Database\\Connection->getPdo()
#7 C:\\Users\\Hp\\OneDrive\\Desktop\\Sitha Gunasegran- Test Engineer Technical Assessment - vimigo Technologies\\submissions\\post_service\\vendor\\laravel\\framework\\src\\Illuminate\\Database\\Connection.php(485): Illuminate\\Database\\Connection->getReadPdo()
#8 C:\\Users\\Hp\\OneDrive\\Desktop\\Sitha Gunasegran- Test Engineer Technical Assessment - vimigo Technologies\\submissions\\post_service\\vendor\\laravel\\framework\\src\\Illuminate\\Database\\Connection.php(413): Illuminate\\Database\\Connection->getPdoForSelect(true)
#9 C:\\Users\\Hp\\OneDrive\\Desktop\\Sitha Gunasegran- Test Engineer Technical Assessment - vimigo Technologies\\submissions\\post_service\\vendor\\laravel\\framework\\src\\Illuminate\\Database\\Connection.php(752): Illuminate\\Database\\Connection->Illuminate\\Database\\{closure}('SHOW FULL TABLE...', Array)
#10 C:\\Users\\Hp\\OneDrive\\Desktop\\Sitha Gunasegran- Test Engineer Technical Assessment - vimigo Technologies\\submissions\\post_service\\vendor\\laravel\\framework\\src\\Illuminate\\Database\\Connection.php(719): Illuminate\\Database\\Connection->runQueryCallback('SHOW FULL TABLE...', Array, Object(Closure))
#11 C:\\Users\\Hp\\OneDrive\\Desktop\\Sitha Gunasegran- Test Engineer Technical Assessment - vimigo Technologies\\submissions\\post_service\\vendor\\laravel\\framework\\src\\Illuminate\\Database\\Connection.php(421): Illuminate\\Database\\Connection->run('SHOW FULL TABLE...', Array, Object(Closure))
#12 C:\\Users\\Hp\\OneDrive\\Desktop\\Sitha Gunasegran- Test Engineer Technical Assessment - vimigo Technologies\\submissions\\post_service\\vendor\\laravel\\framework\\src\\Illuminate\\Database\\Schema\\MySqlBuilder.php(125): Illuminate\\Database\\Connection->select('SHOW FULL TABLE...')
#13 C:\\Users\\Hp\\OneDrive\\Desktop\\Sitha Gunasegran- Test Engineer Technical Assessment - vimigo Technologies\\submissions\\post_service\\vendor\\laravel\\framework\\src\\Illuminate\\Database\\Schema\\MySqlBuilder.php(74): Illuminate\\Database\\Schema\\MySqlBuilder->getAllTables()
#14 C:\\Users\\Hp\\OneDrive\\Desktop\\Sitha Gunasegran- Test Engineer Technical Assessment - vimigo Technologies\\submissions\\post_service\\vendor\\laravel\\framework\\src\\Illuminate\\Database\\Console\\WipeCommand.php(82): Illuminate\\Database\\Schema\\MySqlBuilder->dropAllTables()
#15 C:\\Users\\Hp\\OneDrive\\Desktop\\Sitha Gunasegran- Test Engineer Technical Assessment - vimigo Technologies\\submissions\\post_service\\vendor\\laravel\\framework\\src\\Illuminate\\Database\\Console\\WipeCommand.php(59): Illuminate\\Database\\Console\\WipeCommand->dropAllTables(NULL)
#16 C:\\Users\\Hp\\OneDrive\\Desktop\\Sitha Gunasegran- Test Engineer Technical Assessment - vimigo Technologies\\submissions\\post_service\\vendor\\laravel\\framework\\src\\Illuminate\\Container\\BoundMethod.php(36): Illuminate\\Database\\Console\\WipeCommand->handle()
#17 C:\\Users\\Hp\\OneDrive\\Desktop\\Sitha Gunasegran- Test Engineer Technical Assessment - vimigo Technologies\\submissions\\post_service\\vendor\\laravel\\framework\\src\\Illuminate\\Container\\Util.php(41): Illuminate\\Container\\BoundMethod::Illuminate\\Container\\{closure}()
#18 C:\\Users\\Hp\\OneDrive\\Desktop\\Sitha Gunasegran- Test Engineer Technical Assessment - vimigo Technologies\\submissions\\post_service\\vendor\\laravel\\framework\\src\\Illuminate\\Container\\BoundMethod.php(93): Illuminate\\Container\\Util::unwrapIfClosure(Object(Closure))
#19 C:\\Users\\Hp\\OneDrive\\Desktop\\Sitha Gunasegran- Test Engineer Technical Assessment - vimigo Technologies\\submissions\\post_service\\vendor\\laravel\\framework\\src\\Illuminate\\Container\\BoundMethod.php(37): Illuminate\\Container\\BoundMethod::callBoundMethod(Object(Illuminate\\Foundation\\Application), Array, Object(Closure))
#20 C:\\Users\\Hp\\OneDrive\\Desktop\\Sitha Gunasegran- Test Engineer Technical Assessment - vimigo Technologies\\submissions\\post_service\\vendor\\laravel\\framework\\src\\Illuminate\\Container\\Container.php(651): Illuminate\\Container\\BoundMethod::call(Object(Illuminate\\Foundation\\Application), Array, Array, NULL)
#21 C:\\Users\\Hp\\OneDrive\\Desktop\\Sitha Gunasegran- Test Engineer Technical Assessment - vimigo Technologies\\submissions\\post_service\\vendor\\laravel\\framework\\src\\Illuminate\\Console\\Command.php(144): Illuminate\\Container\\Container->call(Array)
#22 C:\\Users\\Hp\\OneDrive\\Desktop\\Sitha Gunasegran- Test Engineer Technical Assessment - vimigo Technologies\\submissions\\post_service\\vendor\\symfony\\console\\Command\\Command.php(291): Illuminate\\Console\\Command->execute(Object(Symfony\\Component\\Console\\Input\\ArrayInput), Object(Illuminate\\Console\\OutputStyle))
#23 C:\\Users\\Hp\\OneDrive\\Desktop\\Sitha Gunasegran- Test Engineer Technical Assessment - vimigo Technologies\\submissions\\post_service\\vendor\\laravel\\framework\\src\\Illuminate\\Console\\Command.php(126): Symfony\\Component\\Console\\Command\\Command->run(Object(Symfony\\Component\\Console\\Input\\ArrayInput), Object(Illuminate\\Console\\OutputStyle))
#24 C:\\Users\\Hp\\OneDrive\\Desktop\\Sitha Gunasegran- Test Engineer Technical Assessment - vimigo Technologies\\submissions\\post_service\\vendor\\laravel\\framework\\src\\Illuminate\\Console\\Concerns\\CallsCommands.php(68): Illuminate\\Console\\Command->run(Object(Symfony\\Component\\Console\\Input\\ArrayInput), Object(Symfony\\Component\\Console\\Output\\NullOutput))
#25 C:\\Users\\Hp\\OneDrive\\Desktop\\Sitha Gunasegran- Test Engineer Technical Assessment - vimigo Technologies\\submissions\\post_service\\vendor\\laravel\\framework\\src\\Illuminate\\Console\\Concerns\\CallsCommands.php(40): Illuminate\\Console\\Command->runCommand('db:wipe', Array, Object(Symfony\\Component\\Console\\Output\\NullOutput))
#26 C:\\Users\\Hp\\OneDrive\\Desktop\\Sitha Gunasegran- Test Engineer Technical Assessment - vimigo Technologies\\submissions\\post_service\\vendor\\laravel\\framework\\src\\Illuminate\\Database\\Console\\Migrations\\FreshCommand.php(45): Illuminate\\Console\\Command->callSilent('db:wipe', Array)
#27 C:\\Users\\Hp\\OneDrive\\Desktop\\Sitha Gunasegran- Test Engineer Technical Assessment - vimigo Technologies\\submissions\\post_service\\vendor\\laravel\\framework\\src\\Illuminate\\Console\\View\\Components\\Task.php(36): Illuminate\\Database\\Console\\Migrations\\FreshCommand->Illuminate\\Database\\Console\\Migrations\\{closure}()
#28 C:\\Users\\Hp\\OneDrive\\Desktop\\Sitha Gunasegran- Test Engineer Technical Assessment - vimigo Technologies\\submissions\\post_service\\vendor\\laravel\\framework\\src\\Illuminate\\Console\\View\\Components\\Factory.php(56): Illuminate\\Console\\View\\Components\\Task->render('Dropping all ta...', Object(Closure))
#29 C:\\Users\\Hp\\OneDrive\\Desktop\\Sitha Gunasegran- Test Engineer Technical Assessment - vimigo Technologies\\submissions\\post_service\\vendor\\laravel\\framework\\src\\Illuminate\\Database\\Console\\Migrations\\FreshCommand.php(49): Illuminate\\Console\\View\\Components\\Factory->__call('task', Array)
#30 C:\\Users\\Hp\\OneDrive\\Desktop\\Sitha Gunasegran- Test Engineer Technical Assessment - vimigo Technologies\\submissions\\post_service\\vendor\\laravel\\framework\\src\\Illuminate\\Container\\BoundMethod.php(36): Illuminate\\Database\\Console\\Migrations\\FreshCommand->handle()
#31 C:\\Users\\Hp\\OneDrive\\Desktop\\Sitha Gunasegran- Test Engineer Technical Assessment - vimigo Technologies\\submissions\\post_service\\vendor\\laravel\\framework\\src\\Illuminate\\Container\\Util.php(41): Illuminate\\Container\\BoundMethod::Illuminate\\Container\\{closure}()
#32 C:\\Users\\Hp\\OneDrive\\Desktop\\Sitha Gunasegran- Test Engineer Technical Assessment - vimigo Technologies\\submissions\\post_service\\vendor\\laravel\\framework\\src\\Illuminate\\Container\\BoundMethod.php(93): Illuminate\\Container\\Util::unwrapIfClosure(Object(Closure))
#33 C:\\Users\\Hp\\OneDrive\\Desktop\\Sitha Gunasegran- Test Engineer Technical Assessment - vimigo Technologies\\submissions\\post_service\\vendor\\laravel\\framework\\src\\Illuminate\\Container\\BoundMethod.php(37): Illuminate\\Container\\BoundMethod::callBoundMethod(Object(Illuminate\\Foundation\\Application), Array, Object(Closure))
#34 C:\\Users\\Hp\\OneDrive\\Desktop\\Sitha Gunasegran- Test Engineer Technical Assessment - vimigo Technologies\\submissions\\post_service\\vendor\\laravel\\framework\\src\\Illuminate\\Container\\Container.php(651): Illuminate\\Container\\BoundMethod::call(Object(Illuminate\\Foundation\\Application), Array, Array, NULL)
#35 C:\\Users\\Hp\\OneDrive\\Desktop\\Sitha Gunasegran- Test Engineer Technical Assessment - vimigo Technologies\\submissions\\post_service\\vendor\\laravel\\framework\\src\\Illuminate\\Console\\Command.php(144): Illuminate\\Container\\Container->call(Array)
#36 C:\\Users\\Hp\\OneDrive\\Desktop\\Sitha Gunasegran- Test Engineer Technical Assessment - vimigo Technologies\\submissions\\post_service\\vendor\\symfony\\console\\Command\\Command.php(291): Illuminate\\Console\\Command->execute(Object(Symfony\\Component\\Console\\Input\\ArgvInput), Object(Illuminate\\Console\\OutputStyle))
#37 C:\\Users\\Hp\\OneDrive\\Desktop\\Sitha Gunasegran- Test Engineer Technical Assessment - vimigo Technologies\\submissions\\post_service\\vendor\\laravel\\framework\\src\\Illuminate\\Console\\Command.php(126): Symfony\\Component\\Console\\Command\\Command->run(Object(Symfony\\Component\\Console\\Input\\ArgvInput), Object(Illuminate\\Console\\OutputStyle))
#38 C:\\Users\\Hp\\OneDrive\\Desktop\\Sitha Gunasegran- Test Engineer Technical Assessment - vimigo Technologies\\submissions\\post_service\\vendor\\symfony\\console\\Application.php(1002): Illuminate\\Console\\Command->run(Object(Symfony\\Component\\Console\\Input\\ArgvInput), Object(Symfony\\Component\\Console\\Output\\ConsoleOutput))
#39 C:\\Users\\Hp\\OneDrive\\Desktop\\Sitha Gunasegran- Test Engineer Technical Assessment - vimigo Technologies\\submissions\\post_service\\vendor\\symfony\\console\\Application.php(299): Symfony\\Component\\Console\\Application->doRunCommand(Object(Illuminate\\Database\\Console\\Migrations\\FreshCommand), Object(Symfony\\Component\\Console\\Input\\ArgvInput), Object(Symfony\\Component\\Console\\Output\\ConsoleOutput))
#40 C:\\Users\\Hp\\OneDrive\\Desktop\\Sitha Gunasegran- Test Engineer Technical Assessment - vimigo Technologies\\submissions\\post_service\\vendor\\symfony\\console\\Application.php(171): Symfony\\Component\\Console\\Application->doRun(Object(Symfony\\Component\\Console\\Input\\ArgvInput), Object(Symfony\\Component\\Console\\Output\\ConsoleOutput))
#41 C:\\Users\\Hp\\OneDrive\\Desktop\\Sitha Gunasegran- Test Engineer Technical Assessment - vimigo Technologies\\submissions\\post_service\\vendor\\laravel\\framework\\src\\Illuminate\\Console\\Application.php(102): Symfony\\Component\\Console\\Application->run(Object(Symfony\\Component\\Console\\Input\\ArgvInput), Object(Symfony\\Component\\Console\\Output\\ConsoleOutput))
#42 C:\\Users\\Hp\\OneDrive\\Desktop\\Sitha Gunasegran- Test Engineer Technical Assessment - vimigo Technologies\\submissions\\post_service\\vendor\\laravel\\framework\\src\\Illuminate\\Foundation\\Console\\Kernel.php(151): Illuminate\\Console\\Application->run(Object(Symfony\\Component\\Console\\Input\\ArgvInput), Object(Symfony\\Component\\Console\\Output\\ConsoleOutput))
#43 C:\\Users\\Hp\\OneDrive\\Desktop\\Sitha Gunasegran- Test Engineer Technical Assessment - vimigo Technologies\\submissions\\post_service\\artisan(37): Illuminate\\Foundation\\Console\\Kernel->handle(Object(Symfony\\Component\\Console\\Input\\ArgvInput), Object(Symfony\\Component\\Console\\Output\\ConsoleOutput))
#44 {main}
"} 
[2022-09-28 08:17:58] local.ERROR: SQLSTATE[HY000] [1045] Access denied for user 'root'@'localhost' (using password: YES) (SQL: SHOW FULL TABLES WHERE table_type = 'BASE TABLE') {"exception":"[object] (Illuminate\\Database\\QueryException(code: 1045): SQLSTATE[HY000] [1045] Access denied for user 'root'@'localhost' (using password: YES) (SQL: SHOW FULL TABLES WHERE table_type = 'BASE TABLE') at C:\\Users\\Hp\\OneDrive\\Desktop\\Sitha Gunasegran- Test Engineer Technical Assessment - vimigo Technologies\\submissions\\post_service\\vendor\\laravel\\framework\\src\\Illuminate\\Database\\Connection.php:759)
[stacktrace]
#0 C:\\Users\\Hp\\OneDrive\\Desktop\\Sitha Gunasegran- Test Engineer Technical Assessment - vimigo Technologies\\submissions\\post_service\\vendor\\laravel\\framework\\src\\Illuminate\\Database\\Connection.php(719): Illuminate\\Database\\Connection->runQueryCallback('SHOW FULL TABLE...', Array, Object(Closure))
#1 C:\\Users\\Hp\\OneDrive\\Desktop\\Sitha Gunasegran- Test Engineer Technical Assessment - vimigo Technologies\\submissions\\post_service\\vendor\\laravel\\framework\\src\\Illuminate\\Database\\Connection.php(421): Illuminate\\Database\\Connection->run('SHOW FULL TABLE...', Array, Object(Closure))
#2 C:\\Users\\Hp\\OneDrive\\Desktop\\Sitha Gunasegran- Test Engineer Technical Assessment - vimigo Technologies\\submissions\\post_service\\vendor\\laravel\\framework\\src\\Illuminate\\Database\\Schema\\MySqlBuilder.php(125): Illuminate\\Database\\Connection->select('SHOW FULL TABLE...')
#3 C:\\Users\\Hp\\OneDrive\\Desktop\\Sitha Gunasegran- Test Engineer Technical Assessment - vimigo Technologies\\submissions\\post_service\\vendor\\laravel\\framework\\src\\Illuminate\\Database\\Schema\\MySqlBuilder.php(74): Illuminate\\Database\\Schema\\MySqlBuilder->getAllTables()
#4 C:\\Users\\Hp\\OneDrive\\Desktop\\Sitha Gunasegran- Test Engineer Technical Assessment - vimigo Technologies\\submissions\\post_service\\vendor\\laravel\\framework\\src\\Illuminate\\Database\\Console\\WipeCommand.php(82): Illuminate\\Database\\Schema\\MySqlBuilder->dropAllTables()
#5 C:\\Users\\Hp\\OneDrive\\Desktop\\Sitha Gunasegran- Test Engineer Technical Assessment - vimigo Technologies\\submissions\\post_service\\vendor\\laravel\\framework\\src\\Illuminate\\Database\\Console\\WipeCommand.php(59): Illuminate\\Database\\Console\\WipeCommand->dropAllTables(NULL)
#6 C:\\Users\\Hp\\OneDrive\\Desktop\\Sitha Gunasegran- Test Engineer Technical Assessment - vimigo Technologies\\submissions\\post_service\\vendor\\laravel\\framework\\src\\Illuminate\\Container\\BoundMethod.php(36): Illuminate\\Database\\Console\\WipeCommand->handle()
#7 C:\\Users\\Hp\\OneDrive\\Desktop\\Sitha Gunasegran- Test Engineer Technical Assessment - vimigo Technologies\\submissions\\post_service\\vendor\\laravel\\framework\\src\\Illuminate\\Container\\Util.php(41): Illuminate\\Container\\BoundMethod::Illuminate\\Container\\{closure}()
#8 C:\\Users\\Hp\\OneDrive\\Desktop\\Sitha Gunasegran- Test Engineer Technical Assessment - vimigo Technologies\\submissions\\post_service\\vendor\\laravel\\framework\\src\\Illuminate\\Container\\BoundMethod.php(93): Illuminate\\Container\\Util::unwrapIfClosure(Object(Closure))
#9 C:\\Users\\Hp\\OneDrive\\Desktop\\Sitha Gunasegran- Test Engineer Technical Assessment - vimigo Technologies\\submissions\\post_service\\vendor\\laravel\\framework\\src\\Illuminate\\Container\\BoundMethod.php(37): Illuminate\\Container\\BoundMethod::callBoundMethod(Object(Illuminate\\Foundation\\Application), Array, Object(Closure))
#10 C:\\Users\\Hp\\OneDrive\\Desktop\\Sitha Gunasegran- Test Engineer Technical Assessment - vimigo Technologies\\submissions\\post_service\\vendor\\laravel\\framework\\src\\Illuminate\\Container\\Container.php(651): Illuminate\\Container\\BoundMethod::call(Object(Illuminate\\Foundation\\Application), Array, Array, NULL)
#11 C:\\Users\\Hp\\OneDrive\\Desktop\\Sitha Gunasegran- Test Engineer Technical Assessment - vimigo Technologies\\submissions\\post_service\\vendor\\laravel\\framework\\src\\Illuminate\\Console\\Command.php(144): Illuminate\\Container\\Container->call(Array)
#12 C:\\Users\\Hp\\OneDrive\\Desktop\\Sitha Gunasegran- Test Engineer Technical Assessment - vimigo Technologies\\submissions\\post_service\\vendor\\symfony\\console\\Command\\Command.php(291): Illuminate\\Console\\Command->execute(Object(Symfony\\Component\\Console\\Input\\ArrayInput), Object(Illuminate\\Console\\OutputStyle))
#13 C:\\Users\\Hp\\OneDrive\\Desktop\\Sitha Gunasegran- Test Engineer Technical Assessment - vimigo Technologies\\submissions\\post_service\\vendor\\laravel\\framework\\src\\Illuminate\\Console\\Command.php(126): Symfony\\Component\\Console\\Command\\Command->run(Object(Symfony\\Component\\Console\\Input\\ArrayInput), Object(Illuminate\\Console\\OutputStyle))
#14 C:\\Users\\Hp\\OneDrive\\Desktop\\Sitha Gunasegran- Test Engineer Technical Assessment - vimigo Technologies\\submissions\\post_service\\vendor\\laravel\\framework\\src\\Illuminate\\Console\\Concerns\\CallsCommands.php(68): Illuminate\\Console\\Command->run(Object(Symfony\\Component\\Console\\Input\\ArrayInput), Object(Symfony\\Component\\Console\\Output\\NullOutput))
#15 C:\\Users\\Hp\\OneDrive\\Desktop\\Sitha Gunasegran- Test Engineer Technical Assessment - vimigo Technologies\\submissions\\post_service\\vendor\\laravel\\framework\\src\\Illuminate\\Console\\Concerns\\CallsCommands.php(40): Illuminate\\Console\\Command->runCommand('db:wipe', Array, Object(Symfony\\Component\\Console\\Output\\NullOutput))
#16 C:\\Users\\Hp\\OneDrive\\Desktop\\Sitha Gunasegran- Test Engineer Technical Assessment - vimigo Technologies\\submissions\\post_service\\vendor\\laravel\\framework\\src\\Illuminate\\Database\\Console\\Migrations\\FreshCommand.php(45): Illuminate\\Console\\Command->callSilent('db:wipe', Array)
#17 C:\\Users\\Hp\\OneDrive\\Desktop\\Sitha Gunasegran- Test Engineer Technical Assessment - vimigo Technologies\\submissions\\post_service\\vendor\\laravel\\framework\\src\\Illuminate\\Console\\View\\Components\\Task.php(36): Illuminate\\Database\\Console\\Migrations\\FreshCommand->Illuminate\\Database\\Console\\Migrations\\{closure}()
#18 C:\\Users\\Hp\\OneDrive\\Desktop\\Sitha Gunasegran- Test Engineer Technical Assessment - vimigo Technologies\\submissions\\post_service\\vendor\\laravel\\framework\\src\\Illuminate\\Console\\View\\Components\\Factory.php(56): Illuminate\\Console\\View\\Components\\Task->render('Dropping all ta...', Object(Closure))
#19 C:\\Users\\Hp\\OneDrive\\Desktop\\Sitha Gunasegran- Test Engineer Technical Assessment - vimigo Technologies\\submissions\\post_service\\vendor\\laravel\\framework\\src\\Illuminate\\Database\\Console\\Migrations\\FreshCommand.php(49): Illuminate\\Console\\View\\Components\\Factory->__call('task', Array)
#20 C:\\Users\\Hp\\OneDrive\\Desktop\\Sitha Gunasegran- Test Engineer Technical Assessment - vimigo Technologies\\submissions\\post_service\\vendor\\laravel\\framework\\src\\Illuminate\\Container\\BoundMethod.php(36): Illuminate\\Database\\Console\\Migrations\\FreshCommand->handle()
#21 C:\\Users\\Hp\\OneDrive\\Desktop\\Sitha Gunasegran- Test Engineer Technical Assessment - vimigo Technologies\\submissions\\post_service\\vendor\\laravel\\framework\\src\\Illuminate\\Container\\Util.php(41): Illuminate\\Container\\BoundMethod::Illuminate\\Container\\{closure}()
#22 C:\\Users\\Hp\\OneDrive\\Desktop\\Sitha Gunasegran- Test Engineer Technical Assessment - vimigo Technologies\\submissions\\post_service\\vendor\\laravel\\framework\\src\\Illuminate\\Container\\BoundMethod.php(93): Illuminate\\Container\\Util::unwrapIfClosure(Object(Closure))
#23 C:\\Users\\Hp\\OneDrive\\Desktop\\Sitha Gunasegran- Test Engineer Technical Assessment - vimigo Technologies\\submissions\\post_service\\vendor\\laravel\\framework\\src\\Illuminate\\Container\\BoundMethod.php(37): Illuminate\\Container\\BoundMethod::callBoundMethod(Object(Illuminate\\Foundation\\Application), Array, Object(Closure))
#24 C:\\Users\\Hp\\OneDrive\\Desktop\\Sitha Gunasegran- Test Engineer Technical Assessment - vimigo Technologies\\submissions\\post_service\\vendor\\laravel\\framework\\src\\Illuminate\\Container\\Container.php(651): Illuminate\\Container\\BoundMethod::call(Object(Illuminate\\Foundation\\Application), Array, Array, NULL)
#25 C:\\Users\\Hp\\OneDrive\\Desktop\\Sitha Gunasegran- Test Engineer Technical Assessment - vimigo Technologies\\submissions\\post_service\\vendor\\laravel\\framework\\src\\Illuminate\\Console\\Command.php(144): Illuminate\\Container\\Container->call(Array)
#26 C:\\Users\\Hp\\OneDrive\\Desktop\\Sitha Gunasegran- Test Engineer Technical Assessment - vimigo Technologies\\submissions\\post_service\\vendor\\symfony\\console\\Command\\Command.php(291): Illuminate\\Console\\Command->execute(Object(Symfony\\Component\\Console\\Input\\ArgvInput), Object(Illuminate\\Console\\OutputStyle))
#27 C:\\Users\\Hp\\OneDrive\\Desktop\\Sitha Gunasegran- Test Engineer Technical Assessment - vimigo Technologies\\submissions\\post_service\\vendor\\laravel\\framework\\src\\Illuminate\\Console\\Command.php(126): Symfony\\Component\\Console\\Command\\Command->run(Object(Symfony\\Component\\Console\\Input\\ArgvInput), Object(Illuminate\\Console\\OutputStyle))
#28 C:\\Users\\Hp\\OneDrive\\Desktop\\Sitha Gunasegran- Test Engineer Technical Assessment - vimigo Technologies\\submissions\\post_service\\vendor\\symfony\\console\\Application.php(1002): Illuminate\\Console\\Command->run(Object(Symfony\\Component\\Console\\Input\\ArgvInput), Object(Symfony\\Component\\Console\\Output\\ConsoleOutput))
#29 C:\\Users\\Hp\\OneDrive\\Desktop\\Sitha Gunasegran- Test Engineer Technical Assessment - vimigo Technologies\\submissions\\post_service\\vendor\\symfony\\console\\Application.php(299): Symfony\\Component\\Console\\Application->doRunCommand(Object(Illuminate\\Database\\Console\\Migrations\\FreshCommand), Object(Symfony\\Component\\Console\\Input\\ArgvInput), Object(Symfony\\Component\\Console\\Output\\ConsoleOutput))
#30 C:\\Users\\Hp\\OneDrive\\Desktop\\Sitha Gunasegran- Test Engineer Technical Assessment - vimigo Technologies\\submissions\\post_service\\vendor\\symfony\\console\\Application.php(171): Symfony\\Component\\Console\\Application->doRun(Object(Symfony\\Component\\Console\\Input\\ArgvInput), Object(Symfony\\Component\\Console\\Output\\ConsoleOutput))
#31 C:\\Users\\Hp\\OneDrive\\Desktop\\Sitha Gunasegran- Test Engineer Technical Assessment - vimigo Technologies\\submissions\\post_service\\vendor\\laravel\\framework\\src\\Illuminate\\Console\\Application.php(102): Symfony\\Component\\Console\\Application->run(Object(Symfony\\Component\\Console\\Input\\ArgvInput), Object(Symfony\\Component\\Console\\Output\\ConsoleOutput))
#32 C:\\Users\\Hp\\OneDrive\\Desktop\\Sitha Gunasegran- Test Engineer Technical Assessment - vimigo Technologies\\submissions\\post_service\\vendor\\laravel\\framework\\src\\Illuminate\\Foundation\\Console\\Kernel.php(151): Illuminate\\Console\\Application->run(Object(Symfony\\Component\\Console\\Input\\ArgvInput), Object(Symfony\\Component\\Console\\Output\\ConsoleOutput))
#33 C:\\Users\\Hp\\OneDrive\\Desktop\\Sitha Gunasegran- Test Engineer Technical Assessment - vimigo Technologies\\submissions\\post_service\\artisan(37): Illuminate\\Foundation\\Console\\Kernel->handle(Object(Symfony\\Component\\Console\\Input\\ArgvInput), Object(Symfony\\Component\\Console\\Output\\ConsoleOutput))
#34 {main}

[previous exception] [object] (PDOException(code: 1045): SQLSTATE[HY000] [1045] Access denied for user 'root'@'localhost' (using password: YES) at C:\\Users\\Hp\\OneDrive\\Desktop\\Sitha Gunasegran- Test Engineer Technical Assessment - vimigo Technologies\\submissions\\post_service\\vendor\\laravel\\framework\\src\\Illuminate\\Database\\Connectors\\Connector.php:70)
[stacktrace]
#0 C:\\Users\\Hp\\OneDrive\\Desktop\\Sitha Gunasegran- Test Engineer Technical Assessment - vimigo Technologies\\submissions\\post_service\\vendor\\laravel\\framework\\src\\Illuminate\\Database\\Connectors\\Connector.php(70): PDO->__construct('mysql:host=127....', 'root', 'root', Array)
#1 C:\\Users\\Hp\\OneDrive\\Desktop\\Sitha Gunasegran- Test Engineer Technical Assessment - vimigo Technologies\\submissions\\post_service\\vendor\\laravel\\framework\\src\\Illuminate\\Database\\Connectors\\Connector.php(46): Illuminate\\Database\\Connectors\\Connector->createPdoConnection('mysql:host=127....', 'root', 'root', Array)
#2 C:\\Users\\Hp\\OneDrive\\Desktop\\Sitha Gunasegran- Test Engineer Technical Assessment - vimigo Technologies\\submissions\\post_service\\vendor\\laravel\\framework\\src\\Illuminate\\Database\\Connectors\\MySqlConnector.php(24): Illuminate\\Database\\Connectors\\Connector->createConnection('mysql:host=127....', Array, Array)
#3 C:\\Users\\Hp\\OneDrive\\Desktop\\Sitha Gunasegran- Test Engineer Technical Assessment - vimigo Technologies\\submissions\\post_service\\vendor\\laravel\\framework\\src\\Illuminate\\Database\\Connectors\\ConnectionFactory.php(184): Illuminate\\Database\\Connectors\\MySqlConnector->connect(Array)
#4 [internal function]: Illuminate\\Database\\Connectors\\ConnectionFactory->Illuminate\\Database\\Connectors\\{closure}()
#5 C:\\Users\\Hp\\OneDrive\\Desktop\\Sitha Gunasegran- Test Engineer Technical Assessment - vimigo Technologies\\submissions\\post_service\\vendor\\laravel\\framework\\src\\Illuminate\\Database\\Connection.php(1169): call_user_func(Object(Closure))
#6 C:\\Users\\Hp\\OneDrive\\Desktop\\Sitha Gunasegran- Test Engineer Technical Assessment - vimigo Technologies\\submissions\\post_service\\vendor\\laravel\\framework\\src\\Illuminate\\Database\\Connection.php(1205): Illuminate\\Database\\Connection->getPdo()
#7 C:\\Users\\Hp\\OneDrive\\Desktop\\Sitha Gunasegran- Test Engineer Technical Assessment - vimigo Technologies\\submissions\\post_service\\vendor\\laravel\\framework\\src\\Illuminate\\Database\\Connection.php(485): Illuminate\\Database\\Connection->getReadPdo()
#8 C:\\Users\\Hp\\OneDrive\\Desktop\\Sitha Gunasegran- Test Engineer Technical Assessment - vimigo Technologies\\submissions\\post_service\\vendor\\laravel\\framework\\src\\Illuminate\\Database\\Connection.php(413): Illuminate\\Database\\Connection->getPdoForSelect(true)
#9 C:\\Users\\Hp\\OneDrive\\Desktop\\Sitha Gunasegran- Test Engineer Technical Assessment - vimigo Technologies\\submissions\\post_service\\vendor\\laravel\\framework\\src\\Illuminate\\Database\\Connection.php(752): Illuminate\\Database\\Connection->Illuminate\\Database\\{closure}('SHOW FULL TABLE...', Array)
#10 C:\\Users\\Hp\\OneDrive\\Desktop\\Sitha Gunasegran- Test Engineer Technical Assessment - vimigo Technologies\\submissions\\post_service\\vendor\\laravel\\framework\\src\\Illuminate\\Database\\Connection.php(719): Illuminate\\Database\\Connection->runQueryCallback('SHOW FULL TABLE...', Array, Object(Closure))
#11 C:\\Users\\Hp\\OneDrive\\Desktop\\Sitha Gunasegran- Test Engineer Technical Assessment - vimigo Technologies\\submissions\\post_service\\vendor\\laravel\\framework\\src\\Illuminate\\Database\\Connection.php(421): Illuminate\\Database\\Connection->run('SHOW FULL TABLE...', Array, Object(Closure))
#12 C:\\Users\\Hp\\OneDrive\\Desktop\\Sitha Gunasegran- Test Engineer Technical Assessment - vimigo Technologies\\submissions\\post_service\\vendor\\laravel\\framework\\src\\Illuminate\\Database\\Schema\\MySqlBuilder.php(125): Illuminate\\Database\\Connection->select('SHOW FULL TABLE...')
#13 C:\\Users\\Hp\\OneDrive\\Desktop\\Sitha Gunasegran- Test Engineer Technical Assessment - vimigo Technologies\\submissions\\post_service\\vendor\\laravel\\framework\\src\\Illuminate\\Database\\Schema\\MySqlBuilder.php(74): Illuminate\\Database\\Schema\\MySqlBuilder->getAllTables()
#14 C:\\Users\\Hp\\OneDrive\\Desktop\\Sitha Gunasegran- Test Engineer Technical Assessment - vimigo Technologies\\submissions\\post_service\\vendor\\laravel\\framework\\src\\Illuminate\\Database\\Console\\WipeCommand.php(82): Illuminate\\Database\\Schema\\MySqlBuilder->dropAllTables()
#15 C:\\Users\\Hp\\OneDrive\\Desktop\\Sitha Gunasegran- Test Engineer Technical Assessment - vimigo Technologies\\submissions\\post_service\\vendor\\laravel\\framework\\src\\Illuminate\\Database\\Console\\WipeCommand.php(59): Illuminate\\Database\\Console\\WipeCommand->dropAllTables(NULL)
#16 C:\\Users\\Hp\\OneDrive\\Desktop\\Sitha Gunasegran- Test Engineer Technical Assessment - vimigo Technologies\\submissions\\post_service\\vendor\\laravel\\framework\\src\\Illuminate\\Container\\BoundMethod.php(36): Illuminate\\Database\\Console\\WipeCommand->handle()
#17 C:\\Users\\Hp\\OneDrive\\Desktop\\Sitha Gunasegran- Test Engineer Technical Assessment - vimigo Technologies\\submissions\\post_service\\vendor\\laravel\\framework\\src\\Illuminate\\Container\\Util.php(41): Illuminate\\Container\\BoundMethod::Illuminate\\Container\\{closure}()
#18 C:\\Users\\Hp\\OneDrive\\Desktop\\Sitha Gunasegran- Test Engineer Technical Assessment - vimigo Technologies\\submissions\\post_service\\vendor\\laravel\\framework\\src\\Illuminate\\Container\\BoundMethod.php(93): Illuminate\\Container\\Util::unwrapIfClosure(Object(Closure))
#19 C:\\Users\\Hp\\OneDrive\\Desktop\\Sitha Gunasegran- Test Engineer Technical Assessment - vimigo Technologies\\submissions\\post_service\\vendor\\laravel\\framework\\src\\Illuminate\\Container\\BoundMethod.php(37): Illuminate\\Container\\BoundMethod::callBoundMethod(Object(Illuminate\\Foundation\\Application), Array, Object(Closure))
#20 C:\\Users\\Hp\\OneDrive\\Desktop\\Sitha Gunasegran- Test Engineer Technical Assessment - vimigo Technologies\\submissions\\post_service\\vendor\\laravel\\framework\\src\\Illuminate\\Container\\Container.php(651): Illuminate\\Container\\BoundMethod::call(Object(Illuminate\\Foundation\\Application), Array, Array, NULL)
#21 C:\\Users\\Hp\\OneDrive\\Desktop\\Sitha Gunasegran- Test Engineer Technical Assessment - vimigo Technologies\\submissions\\post_service\\vendor\\laravel\\framework\\src\\Illuminate\\Console\\Command.php(144): Illuminate\\Container\\Container->call(Array)
#22 C:\\Users\\Hp\\OneDrive\\Desktop\\Sitha Gunasegran- Test Engineer Technical Assessment - vimigo Technologies\\submissions\\post_service\\vendor\\symfony\\console\\Command\\Command.php(291): Illuminate\\Console\\Command->execute(Object(Symfony\\Component\\Console\\Input\\ArrayInput), Object(Illuminate\\Console\\OutputStyle))
#23 C:\\Users\\Hp\\OneDrive\\Desktop\\Sitha Gunasegran- Test Engineer Technical Assessment - vimigo Technologies\\submissions\\post_service\\vendor\\laravel\\framework\\src\\Illuminate\\Console\\Command.php(126): Symfony\\Component\\Console\\Command\\Command->run(Object(Symfony\\Component\\Console\\Input\\ArrayInput), Object(Illuminate\\Console\\OutputStyle))
#24 C:\\Users\\Hp\\OneDrive\\Desktop\\Sitha Gunasegran- Test Engineer Technical Assessment - vimigo Technologies\\submissions\\post_service\\vendor\\laravel\\framework\\src\\Illuminate\\Console\\Concerns\\CallsCommands.php(68): Illuminate\\Console\\Command->run(Object(Symfony\\Component\\Console\\Input\\ArrayInput), Object(Symfony\\Component\\Console\\Output\\NullOutput))
#25 C:\\Users\\Hp\\OneDrive\\Desktop\\Sitha Gunasegran- Test Engineer Technical Assessment - vimigo Technologies\\submissions\\post_service\\vendor\\laravel\\framework\\src\\Illuminate\\Console\\Concerns\\CallsCommands.php(40): Illuminate\\Console\\Command->runCommand('db:wipe', Array, Object(Symfony\\Component\\Console\\Output\\NullOutput))
#26 C:\\Users\\Hp\\OneDrive\\Desktop\\Sitha Gunasegran- Test Engineer Technical Assessment - vimigo Technologies\\submissions\\post_service\\vendor\\laravel\\framework\\src\\Illuminate\\Database\\Console\\Migrations\\FreshCommand.php(45): Illuminate\\Console\\Command->callSilent('db:wipe', Array)
#27 C:\\Users\\Hp\\OneDrive\\Desktop\\Sitha Gunasegran- Test Engineer Technical Assessment - vimigo Technologies\\submissions\\post_service\\vendor\\laravel\\framework\\src\\Illuminate\\Console\\View\\Components\\Task.php(36): Illuminate\\Database\\Console\\Migrations\\FreshCommand->Illuminate\\Database\\Console\\Migrations\\{closure}()
#28 C:\\Users\\Hp\\OneDrive\\Desktop\\Sitha Gunasegran- Test Engineer Technical Assessment - vimigo Technologies\\submissions\\post_service\\vendor\\laravel\\framework\\src\\Illuminate\\Console\\View\\Components\\Factory.php(56): Illuminate\\Console\\View\\Components\\Task->render('Dropping all ta...', Object(Closure))
#29 C:\\Users\\Hp\\OneDrive\\Desktop\\Sitha Gunasegran- Test Engineer Technical Assessment - vimigo Technologies\\submissions\\post_service\\vendor\\laravel\\framework\\src\\Illuminate\\Database\\Console\\Migrations\\FreshCommand.php(49): Illuminate\\Console\\View\\Components\\Factory->__call('task', Array)
#30 C:\\Users\\Hp\\OneDrive\\Desktop\\Sitha Gunasegran- Test Engineer Technical Assessment - vimigo Technologies\\submissions\\post_service\\vendor\\laravel\\framework\\src\\Illuminate\\Container\\BoundMethod.php(36): Illuminate\\Database\\Console\\Migrations\\FreshCommand->handle()
#31 C:\\Users\\Hp\\OneDrive\\Desktop\\Sitha Gunasegran- Test Engineer Technical Assessment - vimigo Technologies\\submissions\\post_service\\vendor\\laravel\\framework\\src\\Illuminate\\Container\\Util.php(41): Illuminate\\Container\\BoundMethod::Illuminate\\Container\\{closure}()
#32 C:\\Users\\Hp\\OneDrive\\Desktop\\Sitha Gunasegran- Test Engineer Technical Assessment - vimigo Technologies\\submissions\\post_service\\vendor\\laravel\\framework\\src\\Illuminate\\Container\\BoundMethod.php(93): Illuminate\\Container\\Util::unwrapIfClosure(Object(Closure))
#33 C:\\Users\\Hp\\OneDrive\\Desktop\\Sitha Gunasegran- Test Engineer Technical Assessment - vimigo Technologies\\submissions\\post_service\\vendor\\laravel\\framework\\src\\Illuminate\\Container\\BoundMethod.php(37): Illuminate\\Container\\BoundMethod::callBoundMethod(Object(Illuminate\\Foundation\\Application), Array, Object(Closure))
#34 C:\\Users\\Hp\\OneDrive\\Desktop\\Sitha Gunasegran- Test Engineer Technical Assessment - vimigo Technologies\\submissions\\post_service\\vendor\\laravel\\framework\\src\\Illuminate\\Container\\Container.php(651): Illuminate\\Container\\BoundMethod::call(Object(Illuminate\\Foundation\\Application), Array, Array, NULL)
#35 C:\\Users\\Hp\\OneDrive\\Desktop\\Sitha Gunasegran- Test Engineer Technical Assessment - vimigo Technologies\\submissions\\post_service\\vendor\\laravel\\framework\\src\\Illuminate\\Console\\Command.php(144): Illuminate\\Container\\Container->call(Array)
#36 C:\\Users\\Hp\\OneDrive\\Desktop\\Sitha Gunasegran- Test Engineer Technical Assessment - vimigo Technologies\\submissions\\post_service\\vendor\\symfony\\console\\Command\\Command.php(291): Illuminate\\Console\\Command->execute(Object(Symfony\\Component\\Console\\Input\\ArgvInput), Object(Illuminate\\Console\\OutputStyle))
#37 C:\\Users\\Hp\\OneDrive\\Desktop\\Sitha Gunasegran- Test Engineer Technical Assessment - vimigo Technologies\\submissions\\post_service\\vendor\\laravel\\framework\\src\\Illuminate\\Console\\Command.php(126): Symfony\\Component\\Console\\Command\\Command->run(Object(Symfony\\Component\\Console\\Input\\ArgvInput), Object(Illuminate\\Console\\OutputStyle))
#38 C:\\Users\\Hp\\OneDrive\\Desktop\\Sitha Gunasegran- Test Engineer Technical Assessment - vimigo Technologies\\submissions\\post_service\\vendor\\symfony\\console\\Application.php(1002): Illuminate\\Console\\Command->run(Object(Symfony\\Component\\Console\\Input\\ArgvInput), Object(Symfony\\Component\\Console\\Output\\ConsoleOutput))
#39 C:\\Users\\Hp\\OneDrive\\Desktop\\Sitha Gunasegran- Test Engineer Technical Assessment - vimigo Technologies\\submissions\\post_service\\vendor\\symfony\\console\\Application.php(299): Symfony\\Component\\Console\\Application->doRunCommand(Object(Illuminate\\Database\\Console\\Migrations\\FreshCommand), Object(Symfony\\Component\\Console\\Input\\ArgvInput), Object(Symfony\\Component\\Console\\Output\\ConsoleOutput))
#40 C:\\Users\\Hp\\OneDrive\\Desktop\\Sitha Gunasegran- Test Engineer Technical Assessment - vimigo Technologies\\submissions\\post_service\\vendor\\symfony\\console\\Application.php(171): Symfony\\Component\\Console\\Application->doRun(Object(Symfony\\Component\\Console\\Input\\ArgvInput), Object(Symfony\\Component\\Console\\Output\\ConsoleOutput))
#41 C:\\Users\\Hp\\OneDrive\\Desktop\\Sitha Gunasegran- Test Engineer Technical Assessment - vimigo Technologies\\submissions\\post_service\\vendor\\laravel\\framework\\src\\Illuminate\\Console\\Application.php(102): Symfony\\Component\\Console\\Application->run(Object(Symfony\\Component\\Console\\Input\\ArgvInput), Object(Symfony\\Component\\Console\\Output\\ConsoleOutput))
#42 C:\\Users\\Hp\\OneDrive\\Desktop\\Sitha Gunasegran- Test Engineer Technical Assessment - vimigo Technologies\\submissions\\post_service\\vendor\\laravel\\framework\\src\\Illuminate\\Foundation\\Console\\Kernel.php(151): Illuminate\\Console\\Application->run(Object(Symfony\\Component\\Console\\Input\\ArgvInput), Object(Symfony\\Component\\Console\\Output\\ConsoleOutput))
#43 C:\\Users\\Hp\\OneDrive\\Desktop\\Sitha Gunasegran- Test Engineer Technical Assessment - vimigo Technologies\\submissions\\post_service\\artisan(37): Illuminate\\Foundation\\Console\\Kernel->handle(Object(Symfony\\Component\\Console\\Input\\ArgvInput), Object(Symfony\\Component\\Console\\Output\\ConsoleOutput))
#44 {main}
"} 
[2022-09-28 08:18:48] local.ERROR: SQLSTATE[HY000] [1045] Access denied for user 'root'@'localhost' (using password: YES) (SQL: SHOW FULL TABLES WHERE table_type = 'BASE TABLE') {"exception":"[object] (Illuminate\\Database\\QueryException(code: 1045): SQLSTATE[HY000] [1045] Access denied for user 'root'@'localhost' (using password: YES) (SQL: SHOW FULL TABLES WHERE table_type = 'BASE TABLE') at C:\\Users\\Hp\\OneDrive\\Desktop\\Sitha Gunasegran- Test Engineer Technical Assessment - vimigo Technologies\\submissions\\post_service\\vendor\\laravel\\framework\\src\\Illuminate\\Database\\Connection.php:759)
[stacktrace]
#0 C:\\Users\\Hp\\OneDrive\\Desktop\\Sitha Gunasegran- Test Engineer Technical Assessment - vimigo Technologies\\submissions\\post_service\\vendor\\laravel\\framework\\src\\Illuminate\\Database\\Connection.php(719): Illuminate\\Database\\Connection->runQueryCallback('SHOW FULL TABLE...', Array, Object(Closure))
#1 C:\\Users\\Hp\\OneDrive\\Desktop\\Sitha Gunasegran- Test Engineer Technical Assessment - vimigo Technologies\\submissions\\post_service\\vendor\\laravel\\framework\\src\\Illuminate\\Database\\Connection.php(421): Illuminate\\Database\\Connection->run('SHOW FULL TABLE...', Array, Object(Closure))
#2 C:\\Users\\Hp\\OneDrive\\Desktop\\Sitha Gunasegran- Test Engineer Technical Assessment - vimigo Technologies\\submissions\\post_service\\vendor\\laravel\\framework\\src\\Illuminate\\Database\\Schema\\MySqlBuilder.php(125): Illuminate\\Database\\Connection->select('SHOW FULL TABLE...')
#3 C:\\Users\\Hp\\OneDrive\\Desktop\\Sitha Gunasegran- Test Engineer Technical Assessment - vimigo Technologies\\submissions\\post_service\\vendor\\laravel\\framework\\src\\Illuminate\\Database\\Schema\\MySqlBuilder.php(74): Illuminate\\Database\\Schema\\MySqlBuilder->getAllTables()
#4 C:\\Users\\Hp\\OneDrive\\Desktop\\Sitha Gunasegran- Test Engineer Technical Assessment - vimigo Technologies\\submissions\\post_service\\vendor\\laravel\\framework\\src\\Illuminate\\Database\\Console\\WipeCommand.php(82): Illuminate\\Database\\Schema\\MySqlBuilder->dropAllTables()
#5 C:\\Users\\Hp\\OneDrive\\Desktop\\Sitha Gunasegran- Test Engineer Technical Assessment - vimigo Technologies\\submissions\\post_service\\vendor\\laravel\\framework\\src\\Illuminate\\Database\\Console\\WipeCommand.php(59): Illuminate\\Database\\Console\\WipeCommand->dropAllTables(NULL)
#6 C:\\Users\\Hp\\OneDrive\\Desktop\\Sitha Gunasegran- Test Engineer Technical Assessment - vimigo Technologies\\submissions\\post_service\\vendor\\laravel\\framework\\src\\Illuminate\\Container\\BoundMethod.php(36): Illuminate\\Database\\Console\\WipeCommand->handle()
#7 C:\\Users\\Hp\\OneDrive\\Desktop\\Sitha Gunasegran- Test Engineer Technical Assessment - vimigo Technologies\\submissions\\post_service\\vendor\\laravel\\framework\\src\\Illuminate\\Container\\Util.php(41): Illuminate\\Container\\BoundMethod::Illuminate\\Container\\{closure}()
#8 C:\\Users\\Hp\\OneDrive\\Desktop\\Sitha Gunasegran- Test Engineer Technical Assessment - vimigo Technologies\\submissions\\post_service\\vendor\\laravel\\framework\\src\\Illuminate\\Container\\BoundMethod.php(93): Illuminate\\Container\\Util::unwrapIfClosure(Object(Closure))
#9 C:\\Users\\Hp\\OneDrive\\Desktop\\Sitha Gunasegran- Test Engineer Technical Assessment - vimigo Technologies\\submissions\\post_service\\vendor\\laravel\\framework\\src\\Illuminate\\Container\\BoundMethod.php(37): Illuminate\\Container\\BoundMethod::callBoundMethod(Object(Illuminate\\Foundation\\Application), Array, Object(Closure))
#10 C:\\Users\\Hp\\OneDrive\\Desktop\\Sitha Gunasegran- Test Engineer Technical Assessment - vimigo Technologies\\submissions\\post_service\\vendor\\laravel\\framework\\src\\Illuminate\\Container\\Container.php(651): Illuminate\\Container\\BoundMethod::call(Object(Illuminate\\Foundation\\Application), Array, Array, NULL)
#11 C:\\Users\\Hp\\OneDrive\\Desktop\\Sitha Gunasegran- Test Engineer Technical Assessment - vimigo Technologies\\submissions\\post_service\\vendor\\laravel\\framework\\src\\Illuminate\\Console\\Command.php(144): Illuminate\\Container\\Container->call(Array)
#12 C:\\Users\\Hp\\OneDrive\\Desktop\\Sitha Gunasegran- Test Engineer Technical Assessment - vimigo Technologies\\submissions\\post_service\\vendor\\symfony\\console\\Command\\Command.php(291): Illuminate\\Console\\Command->execute(Object(Symfony\\Component\\Console\\Input\\ArrayInput), Object(Illuminate\\Console\\OutputStyle))
#13 C:\\Users\\Hp\\OneDrive\\Desktop\\Sitha Gunasegran- Test Engineer Technical Assessment - vimigo Technologies\\submissions\\post_service\\vendor\\laravel\\framework\\src\\Illuminate\\Console\\Command.php(126): Symfony\\Component\\Console\\Command\\Command->run(Object(Symfony\\Component\\Console\\Input\\ArrayInput), Object(Illuminate\\Console\\OutputStyle))
#14 C:\\Users\\Hp\\OneDrive\\Desktop\\Sitha Gunasegran- Test Engineer Technical Assessment - vimigo Technologies\\submissions\\post_service\\vendor\\laravel\\framework\\src\\Illuminate\\Console\\Concerns\\CallsCommands.php(68): Illuminate\\Console\\Command->run(Object(Symfony\\Component\\Console\\Input\\ArrayInput), Object(Symfony\\Component\\Console\\Output\\NullOutput))
#15 C:\\Users\\Hp\\OneDrive\\Desktop\\Sitha Gunasegran- Test Engineer Technical Assessment - vimigo Technologies\\submissions\\post_service\\vendor\\laravel\\framework\\src\\Illuminate\\Console\\Concerns\\CallsCommands.php(40): Illuminate\\Console\\Command->runCommand('db:wipe', Array, Object(Symfony\\Component\\Console\\Output\\NullOutput))
#16 C:\\Users\\Hp\\OneDrive\\Desktop\\Sitha Gunasegran- Test Engineer Technical Assessment - vimigo Technologies\\submissions\\post_service\\vendor\\laravel\\framework\\src\\Illuminate\\Database\\Console\\Migrations\\FreshCommand.php(45): Illuminate\\Console\\Command->callSilent('db:wipe', Array)
#17 C:\\Users\\Hp\\OneDrive\\Desktop\\Sitha Gunasegran- Test Engineer Technical Assessment - vimigo Technologies\\submissions\\post_service\\vendor\\laravel\\framework\\src\\Illuminate\\Console\\View\\Components\\Task.php(36): Illuminate\\Database\\Console\\Migrations\\FreshCommand->Illuminate\\Database\\Console\\Migrations\\{closure}()
#18 C:\\Users\\Hp\\OneDrive\\Desktop\\Sitha Gunasegran- Test Engineer Technical Assessment - vimigo Technologies\\submissions\\post_service\\vendor\\laravel\\framework\\src\\Illuminate\\Console\\View\\Components\\Factory.php(56): Illuminate\\Console\\View\\Components\\Task->render('Dropping all ta...', Object(Closure))
#19 C:\\Users\\Hp\\OneDrive\\Desktop\\Sitha Gunasegran- Test Engineer Technical Assessment - vimigo Technologies\\submissions\\post_service\\vendor\\laravel\\framework\\src\\Illuminate\\Database\\Console\\Migrations\\FreshCommand.php(49): Illuminate\\Console\\View\\Components\\Factory->__call('task', Array)
#20 C:\\Users\\Hp\\OneDrive\\Desktop\\Sitha Gunasegran- Test Engineer Technical Assessment - vimigo Technologies\\submissions\\post_service\\vendor\\laravel\\framework\\src\\Illuminate\\Container\\BoundMethod.php(36): Illuminate\\Database\\Console\\Migrations\\FreshCommand->handle()
#21 C:\\Users\\Hp\\OneDrive\\Desktop\\Sitha Gunasegran- Test Engineer Technical Assessment - vimigo Technologies\\submissions\\post_service\\vendor\\laravel\\framework\\src\\Illuminate\\Container\\Util.php(41): Illuminate\\Container\\BoundMethod::Illuminate\\Container\\{closure}()
#22 C:\\Users\\Hp\\OneDrive\\Desktop\\Sitha Gunasegran- Test Engineer Technical Assessment - vimigo Technologies\\submissions\\post_service\\vendor\\laravel\\framework\\src\\Illuminate\\Container\\BoundMethod.php(93): Illuminate\\Container\\Util::unwrapIfClosure(Object(Closure))
#23 C:\\Users\\Hp\\OneDrive\\Desktop\\Sitha Gunasegran- Test Engineer Technical Assessment - vimigo Technologies\\submissions\\post_service\\vendor\\laravel\\framework\\src\\Illuminate\\Container\\BoundMethod.php(37): Illuminate\\Container\\BoundMethod::callBoundMethod(Object(Illuminate\\Foundation\\Application), Array, Object(Closure))
#24 C:\\Users\\Hp\\OneDrive\\Desktop\\Sitha Gunasegran- Test Engineer Technical Assessment - vimigo Technologies\\submissions\\post_service\\vendor\\laravel\\framework\\src\\Illuminate\\Container\\Container.php(651): Illuminate\\Container\\BoundMethod::call(Object(Illuminate\\Foundation\\Application), Array, Array, NULL)
#25 C:\\Users\\Hp\\OneDrive\\Desktop\\Sitha Gunasegran- Test Engineer Technical Assessment - vimigo Technologies\\submissions\\post_service\\vendor\\laravel\\framework\\src\\Illuminate\\Console\\Command.php(144): Illuminate\\Container\\Container->call(Array)
#26 C:\\Users\\Hp\\OneDrive\\Desktop\\Sitha Gunasegran- Test Engineer Technical Assessment - vimigo Technologies\\submissions\\post_service\\vendor\\symfony\\console\\Command\\Command.php(291): Illuminate\\Console\\Command->execute(Object(Symfony\\Component\\Console\\Input\\ArgvInput), Object(Illuminate\\Console\\OutputStyle))
#27 C:\\Users\\Hp\\OneDrive\\Desktop\\Sitha Gunasegran- Test Engineer Technical Assessment - vimigo Technologies\\submissions\\post_service\\vendor\\laravel\\framework\\src\\Illuminate\\Console\\Command.php(126): Symfony\\Component\\Console\\Command\\Command->run(Object(Symfony\\Component\\Console\\Input\\ArgvInput), Object(Illuminate\\Console\\OutputStyle))
#28 C:\\Users\\Hp\\OneDrive\\Desktop\\Sitha Gunasegran- Test Engineer Technical Assessment - vimigo Technologies\\submissions\\post_service\\vendor\\symfony\\console\\Application.php(1002): Illuminate\\Console\\Command->run(Object(Symfony\\Component\\Console\\Input\\ArgvInput), Object(Symfony\\Component\\Console\\Output\\ConsoleOutput))
#29 C:\\Users\\Hp\\OneDrive\\Desktop\\Sitha Gunasegran- Test Engineer Technical Assessment - vimigo Technologies\\submissions\\post_service\\vendor\\symfony\\console\\Application.php(299): Symfony\\Component\\Console\\Application->doRunCommand(Object(Illuminate\\Database\\Console\\Migrations\\FreshCommand), Object(Symfony\\Component\\Console\\Input\\ArgvInput), Object(Symfony\\Component\\Console\\Output\\ConsoleOutput))
#30 C:\\Users\\Hp\\OneDrive\\Desktop\\Sitha Gunasegran- Test Engineer Technical Assessment - vimigo Technologies\\submissions\\post_service\\vendor\\symfony\\console\\Application.php(171): Symfony\\Component\\Console\\Application->doRun(Object(Symfony\\Component\\Console\\Input\\ArgvInput), Object(Symfony\\Component\\Console\\Output\\ConsoleOutput))
#31 C:\\Users\\Hp\\OneDrive\\Desktop\\Sitha Gunasegran- Test Engineer Technical Assessment - vimigo Technologies\\submissions\\post_service\\vendor\\laravel\\framework\\src\\Illuminate\\Console\\Application.php(102): Symfony\\Component\\Console\\Application->run(Object(Symfony\\Component\\Console\\Input\\ArgvInput), Object(Symfony\\Component\\Console\\Output\\ConsoleOutput))
#32 C:\\Users\\Hp\\OneDrive\\Desktop\\Sitha Gunasegran- Test Engineer Technical Assessment - vimigo Technologies\\submissions\\post_service\\vendor\\laravel\\framework\\src\\Illuminate\\Foundation\\Console\\Kernel.php(151): Illuminate\\Console\\Application->run(Object(Symfony\\Component\\Console\\Input\\ArgvInput), Object(Symfony\\Component\\Console\\Output\\ConsoleOutput))
#33 C:\\Users\\Hp\\OneDrive\\Desktop\\Sitha Gunasegran- Test Engineer Technical Assessment - vimigo Technologies\\submissions\\post_service\\artisan(37): Illuminate\\Foundation\\Console\\Kernel->handle(Object(Symfony\\Component\\Console\\Input\\ArgvInput), Object(Symfony\\Component\\Console\\Output\\ConsoleOutput))
#34 {main}

[previous exception] [object] (PDOException(code: 1045): SQLSTATE[HY000] [1045] Access denied for user 'root'@'localhost' (using password: YES) at C:\\Users\\Hp\\OneDrive\\Desktop\\Sitha Gunasegran- Test Engineer Technical Assessment - vimigo Technologies\\submissions\\post_service\\vendor\\laravel\\framework\\src\\Illuminate\\Database\\Connectors\\Connector.php:70)
[stacktrace]
#0 C:\\Users\\Hp\\OneDrive\\Desktop\\Sitha Gunasegran- Test Engineer Technical Assessment - vimigo Technologies\\submissions\\post_service\\vendor\\laravel\\framework\\src\\Illuminate\\Database\\Connectors\\Connector.php(70): PDO->__construct('mysql:host=127....', 'root', 'YES', Array)
#1 C:\\Users\\Hp\\OneDrive\\Desktop\\Sitha Gunasegran- Test Engineer Technical Assessment - vimigo Technologies\\submissions\\post_service\\vendor\\laravel\\framework\\src\\Illuminate\\Database\\Connectors\\Connector.php(46): Illuminate\\Database\\Connectors\\Connector->createPdoConnection('mysql:host=127....', 'root', 'YES', Array)
#2 C:\\Users\\Hp\\OneDrive\\Desktop\\Sitha Gunasegran- Test Engineer Technical Assessment - vimigo Technologies\\submissions\\post_service\\vendor\\laravel\\framework\\src\\Illuminate\\Database\\Connectors\\MySqlConnector.php(24): Illuminate\\Database\\Connectors\\Connector->createConnection('mysql:host=127....', Array, Array)
#3 C:\\Users\\Hp\\OneDrive\\Desktop\\Sitha Gunasegran- Test Engineer Technical Assessment - vimigo Technologies\\submissions\\post_service\\vendor\\laravel\\framework\\src\\Illuminate\\Database\\Connectors\\ConnectionFactory.php(184): Illuminate\\Database\\Connectors\\MySqlConnector->connect(Array)
#4 [internal function]: Illuminate\\Database\\Connectors\\ConnectionFactory->Illuminate\\Database\\Connectors\\{closure}()
#5 C:\\Users\\Hp\\OneDrive\\Desktop\\Sitha Gunasegran- Test Engineer Technical Assessment - vimigo Technologies\\submissions\\post_service\\vendor\\laravel\\framework\\src\\Illuminate\\Database\\Connection.php(1169): call_user_func(Object(Closure))
#6 C:\\Users\\Hp\\OneDrive\\Desktop\\Sitha Gunasegran- Test Engineer Technical Assessment - vimigo Technologies\\submissions\\post_service\\vendor\\laravel\\framework\\src\\Illuminate\\Database\\Connection.php(1205): Illuminate\\Database\\Connection->getPdo()
#7 C:\\Users\\Hp\\OneDrive\\Desktop\\Sitha Gunasegran- Test Engineer Technical Assessment - vimigo Technologies\\submissions\\post_service\\vendor\\laravel\\framework\\src\\Illuminate\\Database\\Connection.php(485): Illuminate\\Database\\Connection->getReadPdo()
#8 C:\\Users\\Hp\\OneDrive\\Desktop\\Sitha Gunasegran- Test Engineer Technical Assessment - vimigo Technologies\\submissions\\post_service\\vendor\\laravel\\framework\\src\\Illuminate\\Database\\Connection.php(413): Illuminate\\Database\\Connection->getPdoForSelect(true)
#9 C:\\Users\\Hp\\OneDrive\\Desktop\\Sitha Gunasegran- Test Engineer Technical Assessment - vimigo Technologies\\submissions\\post_service\\vendor\\laravel\\framework\\src\\Illuminate\\Database\\Connection.php(752): Illuminate\\Database\\Connection->Illuminate\\Database\\{closure}('SHOW FULL TABLE...', Array)
#10 C:\\Users\\Hp\\OneDrive\\Desktop\\Sitha Gunasegran- Test Engineer Technical Assessment - vimigo Technologies\\submissions\\post_service\\vendor\\laravel\\framework\\src\\Illuminate\\Database\\Connection.php(719): Illuminate\\Database\\Connection->runQueryCallback('SHOW FULL TABLE...', Array, Object(Closure))
#11 C:\\Users\\Hp\\OneDrive\\Desktop\\Sitha Gunasegran- Test Engineer Technical Assessment - vimigo Technologies\\submissions\\post_service\\vendor\\laravel\\framework\\src\\Illuminate\\Database\\Connection.php(421): Illuminate\\Database\\Connection->run('SHOW FULL TABLE...', Array, Object(Closure))
#12 C:\\Users\\Hp\\OneDrive\\Desktop\\Sitha Gunasegran- Test Engineer Technical Assessment - vimigo Technologies\\submissions\\post_service\\vendor\\laravel\\framework\\src\\Illuminate\\Database\\Schema\\MySqlBuilder.php(125): Illuminate\\Database\\Connection->select('SHOW FULL TABLE...')
#13 C:\\Users\\Hp\\OneDrive\\Desktop\\Sitha Gunasegran- Test Engineer Technical Assessment - vimigo Technologies\\submissions\\post_service\\vendor\\laravel\\framework\\src\\Illuminate\\Database\\Schema\\MySqlBuilder.php(74): Illuminate\\Database\\Schema\\MySqlBuilder->getAllTables()
#14 C:\\Users\\Hp\\OneDrive\\Desktop\\Sitha Gunasegran- Test Engineer Technical Assessment - vimigo Technologies\\submissions\\post_service\\vendor\\laravel\\framework\\src\\Illuminate\\Database\\Console\\WipeCommand.php(82): Illuminate\\Database\\Schema\\MySqlBuilder->dropAllTables()
#15 C:\\Users\\Hp\\OneDrive\\Desktop\\Sitha Gunasegran- Test Engineer Technical Assessment - vimigo Technologies\\submissions\\post_service\\vendor\\laravel\\framework\\src\\Illuminate\\Database\\Console\\WipeCommand.php(59): Illuminate\\Database\\Console\\WipeCommand->dropAllTables(NULL)
#16 C:\\Users\\Hp\\OneDrive\\Desktop\\Sitha Gunasegran- Test Engineer Technical Assessment - vimigo Technologies\\submissions\\post_service\\vendor\\laravel\\framework\\src\\Illuminate\\Container\\BoundMethod.php(36): Illuminate\\Database\\Console\\WipeCommand->handle()
#17 C:\\Users\\Hp\\OneDrive\\Desktop\\Sitha Gunasegran- Test Engineer Technical Assessment - vimigo Technologies\\submissions\\post_service\\vendor\\laravel\\framework\\src\\Illuminate\\Container\\Util.php(41): Illuminate\\Container\\BoundMethod::Illuminate\\Container\\{closure}()
#18 C:\\Users\\Hp\\OneDrive\\Desktop\\Sitha Gunasegran- Test Engineer Technical Assessment - vimigo Technologies\\submissions\\post_service\\vendor\\laravel\\framework\\src\\Illuminate\\Container\\BoundMethod.php(93): Illuminate\\Container\\Util::unwrapIfClosure(Object(Closure))
#19 C:\\Users\\Hp\\OneDrive\\Desktop\\Sitha Gunasegran- Test Engineer Technical Assessment - vimigo Technologies\\submissions\\post_service\\vendor\\laravel\\framework\\src\\Illuminate\\Container\\BoundMethod.php(37): Illuminate\\Container\\BoundMethod::callBoundMethod(Object(Illuminate\\Foundation\\Application), Array, Object(Closure))
#20 C:\\Users\\Hp\\OneDrive\\Desktop\\Sitha Gunasegran- Test Engineer Technical Assessment - vimigo Technologies\\submissions\\post_service\\vendor\\laravel\\framework\\src\\Illuminate\\Container\\Container.php(651): Illuminate\\Container\\BoundMethod::call(Object(Illuminate\\Foundation\\Application), Array, Array, NULL)
#21 C:\\Users\\Hp\\OneDrive\\Desktop\\Sitha Gunasegran- Test Engineer Technical Assessment - vimigo Technologies\\submissions\\post_service\\vendor\\laravel\\framework\\src\\Illuminate\\Console\\Command.php(144): Illuminate\\Container\\Container->call(Array)
#22 C:\\Users\\Hp\\OneDrive\\Desktop\\Sitha Gunasegran- Test Engineer Technical Assessment - vimigo Technologies\\submissions\\post_service\\vendor\\symfony\\console\\Command\\Command.php(291): Illuminate\\Console\\Command->execute(Object(Symfony\\Component\\Console\\Input\\ArrayInput), Object(Illuminate\\Console\\OutputStyle))
#23 C:\\Users\\Hp\\OneDrive\\Desktop\\Sitha Gunasegran- Test Engineer Technical Assessment - vimigo Technologies\\submissions\\post_service\\vendor\\laravel\\framework\\src\\Illuminate\\Console\\Command.php(126): Symfony\\Component\\Console\\Command\\Command->run(Object(Symfony\\Component\\Console\\Input\\ArrayInput), Object(Illuminate\\Console\\OutputStyle))
#24 C:\\Users\\Hp\\OneDrive\\Desktop\\Sitha Gunasegran- Test Engineer Technical Assessment - vimigo Technologies\\submissions\\post_service\\vendor\\laravel\\framework\\src\\Illuminate\\Console\\Concerns\\CallsCommands.php(68): Illuminate\\Console\\Command->run(Object(Symfony\\Component\\Console\\Input\\ArrayInput), Object(Symfony\\Component\\Console\\Output\\NullOutput))
#25 C:\\Users\\Hp\\OneDrive\\Desktop\\Sitha Gunasegran- Test Engineer Technical Assessment - vimigo Technologies\\submissions\\post_service\\vendor\\laravel\\framework\\src\\Illuminate\\Console\\Concerns\\CallsCommands.php(40): Illuminate\\Console\\Command->runCommand('db:wipe', Array, Object(Symfony\\Component\\Console\\Output\\NullOutput))
#26 C:\\Users\\Hp\\OneDrive\\Desktop\\Sitha Gunasegran- Test Engineer Technical Assessment - vimigo Technologies\\submissions\\post_service\\vendor\\laravel\\framework\\src\\Illuminate\\Database\\Console\\Migrations\\FreshCommand.php(45): Illuminate\\Console\\Command->callSilent('db:wipe', Array)
#27 C:\\Users\\Hp\\OneDrive\\Desktop\\Sitha Gunasegran- Test Engineer Technical Assessment - vimigo Technologies\\submissions\\post_service\\vendor\\laravel\\framework\\src\\Illuminate\\Console\\View\\Components\\Task.php(36): Illuminate\\Database\\Console\\Migrations\\FreshCommand->Illuminate\\Database\\Console\\Migrations\\{closure}()
#28 C:\\Users\\Hp\\OneDrive\\Desktop\\Sitha Gunasegran- Test Engineer Technical Assessment - vimigo Technologies\\submissions\\post_service\\vendor\\laravel\\framework\\src\\Illuminate\\Console\\View\\Components\\Factory.php(56): Illuminate\\Console\\View\\Components\\Task->render('Dropping all ta...', Object(Closure))
#29 C:\\Users\\Hp\\OneDrive\\Desktop\\Sitha Gunasegran- Test Engineer Technical Assessment - vimigo Technologies\\submissions\\post_service\\vendor\\laravel\\framework\\src\\Illuminate\\Database\\Console\\Migrations\\FreshCommand.php(49): Illuminate\\Console\\View\\Components\\Factory->__call('task', Array)
#30 C:\\Users\\Hp\\OneDrive\\Desktop\\Sitha Gunasegran- Test Engineer Technical Assessment - vimigo Technologies\\submissions\\post_service\\vendor\\laravel\\framework\\src\\Illuminate\\Container\\BoundMethod.php(36): Illuminate\\Database\\Console\\Migrations\\FreshCommand->handle()
#31 C:\\Users\\Hp\\OneDrive\\Desktop\\Sitha Gunasegran- Test Engineer Technical Assessment - vimigo Technologies\\submissions\\post_service\\vendor\\laravel\\framework\\src\\Illuminate\\Container\\Util.php(41): Illuminate\\Container\\BoundMethod::Illuminate\\Container\\{closure}()
#32 C:\\Users\\Hp\\OneDrive\\Desktop\\Sitha Gunasegran- Test Engineer Technical Assessment - vimigo Technologies\\submissions\\post_service\\vendor\\laravel\\framework\\src\\Illuminate\\Container\\BoundMethod.php(93): Illuminate\\Container\\Util::unwrapIfClosure(Object(Closure))
#33 C:\\Users\\Hp\\OneDrive\\Desktop\\Sitha Gunasegran- Test Engineer Technical Assessment - vimigo Technologies\\submissions\\post_service\\vendor\\laravel\\framework\\src\\Illuminate\\Container\\BoundMethod.php(37): Illuminate\\Container\\BoundMethod::callBoundMethod(Object(Illuminate\\Foundation\\Application), Array, Object(Closure))
#34 C:\\Users\\Hp\\OneDrive\\Desktop\\Sitha Gunasegran- Test Engineer Technical Assessment - vimigo Technologies\\submissions\\post_service\\vendor\\laravel\\framework\\src\\Illuminate\\Container\\Container.php(651): Illuminate\\Container\\BoundMethod::call(Object(Illuminate\\Foundation\\Application), Array, Array, NULL)
#35 C:\\Users\\Hp\\OneDrive\\Desktop\\Sitha Gunasegran- Test Engineer Technical Assessment - vimigo Technologies\\submissions\\post_service\\vendor\\laravel\\framework\\src\\Illuminate\\Console\\Command.php(144): Illuminate\\Container\\Container->call(Array)
#36 C:\\Users\\Hp\\OneDrive\\Desktop\\Sitha Gunasegran- Test Engineer Technical Assessment - vimigo Technologies\\submissions\\post_service\\vendor\\symfony\\console\\Command\\Command.php(291): Illuminate\\Console\\Command->execute(Object(Symfony\\Component\\Console\\Input\\ArgvInput), Object(Illuminate\\Console\\OutputStyle))
#37 C:\\Users\\Hp\\OneDrive\\Desktop\\Sitha Gunasegran- Test Engineer Technical Assessment - vimigo Technologies\\submissions\\post_service\\vendor\\laravel\\framework\\src\\Illuminate\\Console\\Command.php(126): Symfony\\Component\\Console\\Command\\Command->run(Object(Symfony\\Component\\Console\\Input\\ArgvInput), Object(Illuminate\\Console\\OutputStyle))
#38 C:\\Users\\Hp\\OneDrive\\Desktop\\Sitha Gunasegran- Test Engineer Technical Assessment - vimigo Technologies\\submissions\\post_service\\vendor\\symfony\\console\\Application.php(1002): Illuminate\\Console\\Command->run(Object(Symfony\\Component\\Console\\Input\\ArgvInput), Object(Symfony\\Component\\Console\\Output\\ConsoleOutput))
#39 C:\\Users\\Hp\\OneDrive\\Desktop\\Sitha Gunasegran- Test Engineer Technical Assessment - vimigo Technologies\\submissions\\post_service\\vendor\\symfony\\console\\Application.php(299): Symfony\\Component\\Console\\Application->doRunCommand(Object(Illuminate\\Database\\Console\\Migrations\\FreshCommand), Object(Symfony\\Component\\Console\\Input\\ArgvInput), Object(Symfony\\Component\\Console\\Output\\ConsoleOutput))
#40 C:\\Users\\Hp\\OneDrive\\Desktop\\Sitha Gunasegran- Test Engineer Technical Assessment - vimigo Technologies\\submissions\\post_service\\vendor\\symfony\\console\\Application.php(171): Symfony\\Component\\Console\\Application->doRun(Object(Symfony\\Component\\Console\\Input\\ArgvInput), Object(Symfony\\Component\\Console\\Output\\ConsoleOutput))
#41 C:\\Users\\Hp\\OneDrive\\Desktop\\Sitha Gunasegran- Test Engineer Technical Assessment - vimigo Technologies\\submissions\\post_service\\vendor\\laravel\\framework\\src\\Illuminate\\Console\\Application.php(102): Symfony\\Component\\Console\\Application->run(Object(Symfony\\Component\\Console\\Input\\ArgvInput), Object(Symfony\\Component\\Console\\Output\\ConsoleOutput))
#42 C:\\Users\\Hp\\OneDrive\\Desktop\\Sitha Gunasegran- Test Engineer Technical Assessment - vimigo Technologies\\submissions\\post_service\\vendor\\laravel\\framework\\src\\Illuminate\\Foundation\\Console\\Kernel.php(151): Illuminate\\Console\\Application->run(Object(Symfony\\Component\\Console\\Input\\ArgvInput), Object(Symfony\\Component\\Console\\Output\\ConsoleOutput))
#43 C:\\Users\\Hp\\OneDrive\\Desktop\\Sitha Gunasegran- Test Engineer Technical Assessment - vimigo Technologies\\submissions\\post_service\\artisan(37): Illuminate\\Foundation\\Console\\Kernel->handle(Object(Symfony\\Component\\Console\\Input\\ArgvInput), Object(Symfony\\Component\\Console\\Output\\ConsoleOutput))
#44 {main}
"} 
[2022-09-30 13:24:39] local.ERROR: Command ":" is ambiguous.
Did you mean one of these?
    cache:clear           Flush the application cache
    cache:forget          Remove an item from the cache
    auth:clear-resets     Flush expired password reset tokens
    config:cache          Create a cache file for faster configuration loading
    config:clear          Remove the configuration cache file
    db:monitor            Monitor the number of connections on the specified database
    db:show               Display information about the given database
    db:table              Display information about the given database table
    db:wipe               Drop all tables, views, and types
    env:decrypt           Decrypt an environment file
    env:encrypt           Encrypt an environment file
    event:cache           Discover and cache the application's events and listeners
    event:clear           Clear all cached events and listeners
    event:list            List the application's events and listeners
    key:generate          Set the application key
    optimize:clear        Remove the cached bootstrap files
    package:discover      Rebuild the cached package manifest
    queue:clear           Delete all of the jobs from the specified queue
    queue:failed          List all of the failed queue jobs
    queue:flush           Flush all of the failed queue jobs
    queue:forget          Delete a failed queue job
    queue:listen          Listen to a given queue
    queue:monitor         Monitor the size of the specified queues
    queue:prune-batches   Prune stale entries from the batches database
    queue:prune-failed    Prune stale entries from the failed jobs table
    queue:restart         Restart queue worker daemons after their current job
    queue:retry           Retry a failed queue job
    queue:retry-batch     Retry the failed jobs for a batch
    queue:work            Start processing jobs on the queue as a daemon
    route:cache           Create a route cache file for faster route registration
    route:clear           Remove the route cache file
    route:list            List all registered routes
    schema:dump           Dump the given database schema
    db:seed               Seed the database with records
    schedule:list         List the scheduled commands
    schedule:run          Run the scheduled commands
    schedule:test         Run a scheduled command
    schedule:work         Start the schedule worker
    model:show            Show information about an Eloquent model
    storage:link          Create the symbolic links configured for the application
    view:cache            Compile all of the application's Blade templates
    view:clear            Clear all compiled view files
    cache:table           Create a migration for the cache database table
    make:cast             Create a new custom Eloquent cast class
    make:channel          Create a new channel class
    make:component        Create a new view component class
    make:command          Create a new Artisan command
    make:controller       Create a new controller class
    event:generate        Generate the missing events and listeners based on registration
    make:event            Create a new event class
    make:exception        Create a new custom exception class
    make:factory          Create a new model factory
    make:job              Create a new job class
    make:listener         Create a new event listener class
    make:mail             Create a new email class
    make:middleware       Create a new middleware class
    make:model            Create a new Eloquent model class
    make:notification     Create a new notification class
    notifications:table   Create a migration for the notifications table
    make:observer         Create a new observer class
    make:policy           Create a new policy class
    make:provider         Create a new service provider class
    queue:failed-table    Create a migration for the failed queue jobs database table
    queue:table           Create a migration for the queue jobs database table
    queue:batches-table   Create a migration for the batches database table
    make:request          Create a new form request class
    make:resource         Create a new resource
    make:rule             Create a new validation rule
    make:scope            Create a new scope class
    make:seeder           Create a new seeder class
    session:table         Create a migration for the session database table
    stub:publish          Publish all stubs that are available for customization
    make:test             Create a new test class
    vendor:publish        Publish any publishable assets from vendor packages
    sanctum:prune-expired Prune tokens expired for more than specified number of hours.
    model:prune           Prune models that are no longer needed
    schedule:clear-cache  Delete the cached mutex files created by scheduler
    migrate:fresh         Drop all tables and re-run all migrations
    migrate:install       Create the migration repository
    migrate:refresh       Reset and re-run all migrations
    migrate:reset         Rollback all database migrations
    migrate:rollback      Rollback the last database migration
    migrate:status        Show the status of each migration
    make:migration        Create a new migration file
    sail:install          Install Laravel Sail's default Docker Compose file
    sail:publish          Publish the Laravel Sail Docker files. {"exception":"[object] (Symfony\\Component\\Console\\Exception\\CommandNotFoundException(code: 0): Command \":\" is ambiguous.
Did you mean one of these?
    cache:clear           Flush the application cache
    cache:forget          Remove an item from the cache
    auth:clear-resets     Flush expired password reset tokens
    config:cache          Create a cache file for faster configuration loading
    config:clear          Remove the configuration cache file
    db:monitor            Monitor the number of connections on the specified database
    db:show               Display information about the given database
    db:table              Display information about the given database table
    db:wipe               Drop all tables, views, and types
    env:decrypt           Decrypt an environment file
    env:encrypt           Encrypt an environment file
    event:cache           Discover and cache the application's events and listeners
    event:clear           Clear all cached events and listeners
    event:list            List the application's events and listeners
    key:generate          Set the application key
    optimize:clear        Remove the cached bootstrap files
    package:discover      Rebuild the cached package manifest
    queue:clear           Delete all of the jobs from the specified queue
    queue:failed          List all of the failed queue jobs
    queue:flush           Flush all of the failed queue jobs
    queue:forget          Delete a failed queue job
    queue:listen          Listen to a given queue
    queue:monitor         Monitor the size of the specified queues
    queue:prune-batches   Prune stale entries from the batches database
    queue:prune-failed    Prune stale entries from the failed jobs table
    queue:restart         Restart queue worker daemons after their current job
    queue:retry           Retry a failed queue job
    queue:retry-batch     Retry the failed jobs for a batch
    queue:work            Start processing jobs on the queue as a daemon
    route:cache           Create a route cache file for faster route registration
    route:clear           Remove the route cache file
    route:list            List all registered routes
    schema:dump           Dump the given database schema
    db:seed               Seed the database with records
    schedule:list         List the scheduled commands
    schedule:run          Run the scheduled commands
    schedule:test         Run a scheduled command
    schedule:work         Start the schedule worker
    model:show            Show information about an Eloquent model
    storage:link          Create the symbolic links configured for the application
    view:cache            Compile all of the application's Blade templates
    view:clear            Clear all compiled view files
    cache:table           Create a migration for the cache database table
    make:cast             Create a new custom Eloquent cast class
    make:channel          Create a new channel class
    make:component        Create a new view component class
    make:command          Create a new Artisan command
    make:controller       Create a new controller class
    event:generate        Generate the missing events and listeners based on registration
    make:event            Create a new event class
    make:exception        Create a new custom exception class
    make:factory          Create a new model factory
    make:job              Create a new job class
    make:listener         Create a new event listener class
    make:mail             Create a new email class
    make:middleware       Create a new middleware class
    make:model            Create a new Eloquent model class
    make:notification     Create a new notification class
    notifications:table   Create a migration for the notifications table
    make:observer         Create a new observer class
    make:policy           Create a new policy class
    make:provider         Create a new service provider class
    queue:failed-table    Create a migration for the failed queue jobs database table
    queue:table           Create a migration for the queue jobs database table
    queue:batches-table   Create a migration for the batches database table
    make:request          Create a new form request class
    make:resource         Create a new resource
    make:rule             Create a new validation rule
    make:scope            Create a new scope class
    make:seeder           Create a new seeder class
    session:table         Create a migration for the session database table
    stub:publish          Publish all stubs that are available for customization
    make:test             Create a new test class
    vendor:publish        Publish any publishable assets from vendor packages
    sanctum:prune-expired Prune tokens expired for more than specified number of hours.
    model:prune           Prune models that are no longer needed
    schedule:clear-cache  Delete the cached mutex files created by scheduler
    migrate:fresh         Drop all tables and re-run all migrations
    migrate:install       Create the migration repository
    migrate:refresh       Reset and re-run all migrations
    migrate:reset         Rollback all database migrations
    migrate:rollback      Rollback the last database migration
    migrate:status        Show the status of each migration
    make:migration        Create a new migration file
    sail:install          Install Laravel Sail's default Docker Compose file
    sail:publish          Publish the Laravel Sail Docker files. at C:\\Users\\Hp\\OneDrive\\Desktop\\Sitha Gunasegran- Test Engineer Technical Assessment - vimigo Technologies\\submissions\\post_service\\vendor\\symfony\\console\\Application.php:733)
[stacktrace]
#0 C:\\Users\\Hp\\OneDrive\\Desktop\\Sitha Gunasegran- Test Engineer Technical Assessment - vimigo Technologies\\submissions\\post_service\\vendor\\symfony\\console\\Application.php(259): Symfony\\Component\\Console\\Application->find(':')
#1 C:\\Users\\Hp\\OneDrive\\Desktop\\Sitha Gunasegran- Test Engineer Technical Assessment - vimigo Technologies\\submissions\\post_service\\vendor\\symfony\\console\\Application.php(171): Symfony\\Component\\Console\\Application->doRun(Object(Symfony\\Component\\Console\\Input\\ArgvInput), Object(Symfony\\Component\\Console\\Output\\ConsoleOutput))
#2 C:\\Users\\Hp\\OneDrive\\Desktop\\Sitha Gunasegran- Test Engineer Technical Assessment - vimigo Technologies\\submissions\\post_service\\vendor\\laravel\\framework\\src\\Illuminate\\Console\\Application.php(102): Symfony\\Component\\Console\\Application->run(Object(Symfony\\Component\\Console\\Input\\ArgvInput), Object(Symfony\\Component\\Console\\Output\\ConsoleOutput))
#3 C:\\Users\\Hp\\OneDrive\\Desktop\\Sitha Gunasegran- Test Engineer Technical Assessment - vimigo Technologies\\submissions\\post_service\\vendor\\laravel\\framework\\src\\Illuminate\\Foundation\\Console\\Kernel.php(151): Illuminate\\Console\\Application->run(Object(Symfony\\Component\\Console\\Input\\ArgvInput), Object(Symfony\\Component\\Console\\Output\\ConsoleOutput))
#4 C:\\Users\\Hp\\OneDrive\\Desktop\\Sitha Gunasegran- Test Engineer Technical Assessment - vimigo Technologies\\submissions\\post_service\\artisan(37): Illuminate\\Foundation\\Console\\Kernel->handle(Object(Symfony\\Component\\Console\\Input\\ArgvInput), Object(Symfony\\Component\\Console\\Output\\ConsoleOutput))
#5 {main}
"} 
